[debug] > Exec(early(addDefaultCommands), None, None)
[debug] > Exec(addDefaultCommands, None, None)
[debug] > Exec(early(initialize), None, None)
[debug] > Exec(initialize, None, None)
[debug] > Exec(boot, None, None)
[debug] > Exec(writeSbtVersion, None, None)
[debug] > Exec(reload, None, None)
[debug] > Exec(sbtStashOnFailure, None, None)
[debug] > Exec(onFailure loadFailed, None, None)
[debug] > Exec(loadp, None, None)
[info] welcome to sbt 1.4.5 (Private Build Java 1.8.0_275)
[debug]       Load.loadUnit: plugins took 140.670814ms
[debug]       Load.loadUnit: defsScala took 0.647596ms
[debug] [Loading] Scanning directory /home/olzhas/.sbt/1.0/plugins
[debug] [Loading] Found non-root projects 
[debug] [Loading] Done in /home/olzhas/.sbt/1.0/plugins, returning: ()
[debug] deducing auto plugins based on known facts Set(Atom(sbt.plugins.CorePlugin)) and clauses Clauses(List(Clause(Atom(sbt.plugins.JvmPlugin),Set(Atom(sbt.plugins.IvyPlugin))), Clause(Atom(sbt.ScriptedPlugin),Set(Atom(sbt.plugins.JvmPlugin))), Clause(Atom(sbt.plugins.SbtPlugin),Set(Atom(sbt.ScriptedPlugin))), Clause(Atom(sbt.plugins.SemanticdbPlugin),Set(Atom(sbt.plugins.JvmPlugin))), Clause(Atom(sbt.plugins.JUnitXmlReportPlugin),Set(Atom(sbt.plugins.JvmPlugin))), Clause(Atom(sbt.plugins.MiniDependencyTreePlugin),Set(Atom(sbt.plugins.JvmPlugin))), Clause(Atom(sbt.plugins.CorePlugin),Set(Atom(sbt.plugins.IvyPlugin))), Clause(Atom(sbt.plugins.IvyPlugin),Set(Atom(sbt.plugins.JvmPlugin))), Clause(Atom(sbt.plugins.JvmPlugin),Set(Atom(sbt.plugins.SemanticdbPlugin))), Clause(Atom(sbt.plugins.JvmPlugin),Set(Atom(sbt.plugins.JUnitXmlReportPlugin))), Clause(Atom(sbt.plugins.CorePlugin),Set(Atom(sbt.plugins.Giter8TemplatePlugin))), Clause(Atom(sbt.plugins.JvmPlugin),Set(Atom(sbt.plugins.MiniDependencyTreePlugin)))))
[debug]   :: deduced result: Matched(sbt.plugins.CorePlugin,sbt.plugins.Giter8TemplatePlugin,sbt.plugins.IvyPlugin,sbt.plugins.JvmPlugin,sbt.plugins.MiniDependencyTreePlugin,sbt.plugins.JUnitXmlReportPlugin,sbt.plugins.SemanticdbPlugin)
[debug] Plugins.deducer#function took 229.614061 ms
[debug]           Load.resolveProject(global-plugins) took 66.654284ms
[debug]         Load.loadTransitive: finalizeProject(Project(id global-plugins, base: /home/olzhas/.sbt/1.0/plugins, plugins: List(<none>))) took 361.204371ms
[debug] [Loading] Done in /home/olzhas/.sbt/1.0/plugins, returning: (global-plugins)
[debug]       Load.loadUnit: loadedProjectsRaw took 400.20799ms
[debug]       Load.loadUnit: cleanEvalClasses took 0.343852ms
[debug]     Load.loadUnit(file:/home/olzhas/.sbt/1.0/plugins/, ...) took 554.128313ms
[debug]   Load.apply: load took 797.472533ms
[debug]   Load.apply: resolveProjects took 8.09586ms
[debug]   Load.apply: finalTransforms took 75.585192ms
[debug]   Load.apply: config.delegates took 9.709763ms
[debug]   Load.apply: Def.make(settings)... took 698.459018ms
[debug]   Load.apply: structureIndex took 152.985671ms
[debug]   Load.apply: mkStreams took 1.695029ms
[info] loading global plugins from /home/olzhas/.sbt/1.0/plugins
[debug] Running task... Cancel: Signal, check cycles: false, forcegc: true
[debug] Load.defaultLoad until apply took 4168.846699ms
[debug]           Load.loadUnit: plugins took 22.610569ms
[debug]           Load.loadUnit: defsScala took 0.004254ms
[debug] [Loading] Scanning directory /home/olzhas/IdeaProjects/Backend/project
[debug] [Loading] Found non-root projects 
[debug] [Loading] Done in /home/olzhas/IdeaProjects/Backend/project, returning: ()
[debug] deducing auto plugins based on known facts Set(Atom(sbt.plugins.CorePlugin)) and clauses Clauses(List(Clause(Atom(sbt.plugins.JvmPlugin),Set(Atom(sbt.plugins.IvyPlugin))), Clause(Atom(sbt.ScriptedPlugin),Set(Atom(sbt.plugins.JvmPlugin))), Clause(Atom(sbt.plugins.SbtPlugin),Set(Atom(sbt.ScriptedPlugin))), Clause(Atom(sbt.plugins.SemanticdbPlugin),Set(Atom(sbt.plugins.JvmPlugin))), Clause(Atom(sbt.plugins.JUnitXmlReportPlugin),Set(Atom(sbt.plugins.JvmPlugin))), Clause(Atom(sbt.plugins.MiniDependencyTreePlugin),Set(Atom(sbt.plugins.JvmPlugin))), Clause(Atom(sbt.plugins.CorePlugin),Set(Atom(sbt.plugins.IvyPlugin))), Clause(Atom(sbt.plugins.IvyPlugin),Set(Atom(sbt.plugins.JvmPlugin))), Clause(Atom(sbt.plugins.JvmPlugin),Set(Atom(sbt.plugins.SemanticdbPlugin))), Clause(Atom(sbt.plugins.JvmPlugin),Set(Atom(sbt.plugins.JUnitXmlReportPlugin))), Clause(Atom(sbt.plugins.CorePlugin),Set(Atom(sbt.plugins.Giter8TemplatePlugin))), Clause(Atom(sbt.plugins.JvmPlugin),Set(Atom(sbt.plugins.MiniDependencyTreePlugin)))))
[debug]   :: deduced result: Matched(sbt.plugins.CorePlugin,sbt.plugins.Giter8TemplatePlugin,sbt.plugins.IvyPlugin,sbt.plugins.JvmPlugin,sbt.plugins.MiniDependencyTreePlugin,sbt.plugins.JUnitXmlReportPlugin,sbt.plugins.SemanticdbPlugin)
[debug] Plugins.deducer#function took 2.103911 ms
[debug]               Load.resolveProject(backend-build) took 1.20688ms
[debug]             Load.loadTransitive: finalizeProject(Project(id backend-build, base: /home/olzhas/IdeaProjects/Backend/project, plugins: List(<none>))) took 3.923164ms
[debug] [Loading] Done in /home/olzhas/IdeaProjects/Backend/project, returning: (backend-build)
[debug]           Load.loadUnit: loadedProjectsRaw took 5.935918ms
[debug]           Load.loadUnit: cleanEvalClasses took 0.009593ms
[debug]         Load.loadUnit(file:/home/olzhas/IdeaProjects/Backend/project/, ...) took 29.288296ms
[debug]       Load.apply: load took 30.410863ms
[debug]       Load.apply: resolveProjects took 0.13542ms
[debug]       Load.apply: finalTransforms took 8.496255ms
[debug]       Load.apply: config.delegates took 0.541474ms
[debug]       Load.apply: Def.make(settings)... took 117.073103ms
[debug]       Load.apply: structureIndex took 52.330232ms
[debug]       Load.apply: mkStreams took 0.003592ms
[info] loading project definition from /home/olzhas/IdeaProjects/Backend/project
[debug] Running task... Cancel: Signal, check cycles: false, forcegc: true
[debug]     Load.loadUnit: plugins took 667.082149ms
[debug]     Load.loadUnit: defsScala took 0.004317ms
[debug] [Loading] Scanning directory /home/olzhas/IdeaProjects/Backend
[debug]       Load.loadUnit: mkEval took 11.45365ms
[debug] [Loading] Found non-root projects 
[debug] [Loading] Done in /home/olzhas/IdeaProjects/Backend, returning: ()
[debug] deducing auto plugins based on known facts Set(Atom(sbt.plugins.CorePlugin)) and clauses Clauses(List(Clause(Atom(sbt.plugins.JvmPlugin),Set(Atom(sbt.plugins.IvyPlugin))), Clause(Atom(sbt.ScriptedPlugin),Set(Atom(sbt.plugins.JvmPlugin))), Clause(Atom(sbt.plugins.SbtPlugin),Set(Atom(sbt.ScriptedPlugin))), Clause(Atom(sbt.plugins.SemanticdbPlugin),Set(Atom(sbt.plugins.JvmPlugin))), Clause(Atom(sbt.plugins.JUnitXmlReportPlugin),Set(Atom(sbt.plugins.JvmPlugin))), Clause(Atom(sbt.plugins.MiniDependencyTreePlugin),Set(Atom(sbt.plugins.JvmPlugin))), Clause(Atom(sbt.plugins.CorePlugin),Set(Atom(sbt.plugins.IvyPlugin))), Clause(Atom(sbt.plugins.IvyPlugin),Set(Atom(sbt.plugins.JvmPlugin))), Clause(Atom(sbt.plugins.JvmPlugin),Set(Atom(sbt.plugins.SemanticdbPlugin))), Clause(Atom(sbt.plugins.JvmPlugin),Set(Atom(sbt.plugins.JUnitXmlReportPlugin))), Clause(Atom(sbt.plugins.CorePlugin),Set(Atom(sbt.plugins.Giter8TemplatePlugin))), Clause(Atom(sbt.plugins.JvmPlugin),Set(Atom(sbt.plugins.MiniDependencyTreePlugin)))))
[debug]   :: deduced result: Matched(sbt.plugins.CorePlugin,sbt.plugins.Giter8TemplatePlugin,sbt.plugins.IvyPlugin,sbt.plugins.JvmPlugin,sbt.plugins.MiniDependencyTreePlugin,sbt.plugins.JUnitXmlReportPlugin,sbt.plugins.SemanticdbPlugin)
[debug] Plugins.deducer#function took 2.549131 ms
[info] loading settings for project backend from build.sbt ...
[debug]         Load.resolveProject(backend) took 3.210509ms
[debug]       Load.loadTransitive: finalizeProject(Project(id backend, base: /home/olzhas/IdeaProjects/Backend, plugins: List(<none>))) took 6.480536ms
[debug] [Loading] Done in /home/olzhas/IdeaProjects/Backend, returning: (backend)
[debug]     Load.loadUnit: loadedProjectsRaw took 361.695218ms
[debug]     Load.loadUnit: cleanEvalClasses took 7.388934ms
[debug]   Load.loadUnit(file:/home/olzhas/IdeaProjects/Backend/, ...) took 1037.101758ms
[debug] Load.apply: load took 1038.45793ms
[debug] Load.apply: resolveProjects took 0.153833ms
[debug] Load.apply: finalTransforms took 15.802316ms
[debug] Load.apply: config.delegates took 0.728788ms
[debug] Load.apply: Def.make(settings)... took 172.019673ms
[debug] Load.apply: structureIndex took 51.782839ms
[debug] Load.apply: mkStreams took 0.004129ms
[info] set current project to Backend (in build file:/home/olzhas/IdeaProjects/Backend/)
[debug] > Exec(sbtPopOnFailure, None, None)
[debug] > Exec(resumeFromFailure, None, None)
[debug] > Exec(notifyUsersAboutShell, None, None)
[debug] > Exec(iflast shell, None, None)
[debug] > Exec(~run, None, None)
[info] sbt server started at local:///home/olzhas/.sbt/1.0/server/4ad2a33bb3d4bb9af9ee/sock
[info] started sbt server
[debug] > Exec(__runWatch console0, None, None)
[debug] > Exec(sbtStashOnFailure, None, None)
[debug] > Exec(__preWatch console0, None, None)
[debug] > Exec(run, None, None)
[debug] Evaluating tasks: Compile / run
[debug] Running task... Cancel: Signal, check cycles: false, forcegc: true
