[debug] > Exec(early(addDefaultCommands), None, None)
[debug] > Exec(addDefaultCommands, None, None)
[debug] > Exec(early(initialize), None, None)
[debug] > Exec(initialize, None, None)
[debug] > Exec(boot, None, None)
[debug] > Exec(writeSbtVersion, None, None)
[debug] > Exec(reload, None, None)
[debug] > Exec(sbtStashOnFailure, None, None)
[debug] > Exec(onFailure loadFailed, None, None)
[debug] > Exec(loadp, None, None)
[info] welcome to sbt 1.4.5 (Private Build Java 1.8.0_275)
[debug]       Load.loadUnit: plugins took 246.267226ms
[debug]       Load.loadUnit: defsScala took 0.733404ms
[debug] [Loading] Scanning directory /home/olzhas/.sbt/1.0/plugins
[debug] [Loading] Found non-root projects 
[debug] [Loading] Done in /home/olzhas/.sbt/1.0/plugins, returning: ()
[debug] deducing auto plugins based on known facts Set(Atom(sbt.plugins.CorePlugin)) and clauses Clauses(List(Clause(Atom(sbt.plugins.JvmPlugin),Set(Atom(sbt.plugins.IvyPlugin))), Clause(Atom(sbt.ScriptedPlugin),Set(Atom(sbt.plugins.JvmPlugin))), Clause(Atom(sbt.plugins.SbtPlugin),Set(Atom(sbt.ScriptedPlugin))), Clause(Atom(sbt.plugins.SemanticdbPlugin),Set(Atom(sbt.plugins.JvmPlugin))), Clause(Atom(sbt.plugins.JUnitXmlReportPlugin),Set(Atom(sbt.plugins.JvmPlugin))), Clause(Atom(sbt.plugins.MiniDependencyTreePlugin),Set(Atom(sbt.plugins.JvmPlugin))), Clause(Atom(sbt.plugins.CorePlugin),Set(Atom(sbt.plugins.IvyPlugin))), Clause(Atom(sbt.plugins.IvyPlugin),Set(Atom(sbt.plugins.JvmPlugin))), Clause(Atom(sbt.plugins.JvmPlugin),Set(Atom(sbt.plugins.SemanticdbPlugin))), Clause(Atom(sbt.plugins.JvmPlugin),Set(Atom(sbt.plugins.JUnitXmlReportPlugin))), Clause(Atom(sbt.plugins.CorePlugin),Set(Atom(sbt.plugins.Giter8TemplatePlugin))), Clause(Atom(sbt.plugins.JvmPlugin),Set(Atom(sbt.plugins.MiniDependencyTreePlugin)))))
[debug]   :: deduced result: Matched(sbt.plugins.CorePlugin,sbt.plugins.Giter8TemplatePlugin,sbt.plugins.IvyPlugin,sbt.plugins.JvmPlugin,sbt.plugins.MiniDependencyTreePlugin,sbt.plugins.JUnitXmlReportPlugin,sbt.plugins.SemanticdbPlugin)
[debug] Plugins.deducer#function took 96.488159 ms
[debug]           Load.resolveProject(global-plugins) took 433.34989ms
[debug]         Load.loadTransitive: finalizeProject(Project(id global-plugins, base: /home/olzhas/.sbt/1.0/plugins, plugins: List(<none>))) took 599.34876ms
[debug] [Loading] Done in /home/olzhas/.sbt/1.0/plugins, returning: (global-plugins)
[debug]       Load.loadUnit: loadedProjectsRaw took 656.57643ms
[debug]       Load.loadUnit: cleanEvalClasses took 0.325067ms
[debug]     Load.loadUnit(file:/home/olzhas/.sbt/1.0/plugins/, ...) took 932.320117ms
[debug]   Load.apply: load took 1236.276964ms
[debug]   Load.apply: resolveProjects took 7.674214ms
[debug]   Load.apply: finalTransforms took 72.404278ms
[debug]   Load.apply: config.delegates took 8.677384ms
[debug]   Load.apply: Def.make(settings)... took 662.910274ms
[debug]   Load.apply: structureIndex took 156.469477ms
[debug]   Load.apply: mkStreams took 2.506612ms
[info] loading global plugins from /home/olzhas/.sbt/1.0/plugins
[debug] Running task... Cancel: Signal, check cycles: false, forcegc: true
[debug] Load.defaultLoad until apply took 4985.214913ms
[debug]           Load.loadUnit: plugins took 28.703144ms
[debug]           Load.loadUnit: defsScala took 0.006457ms
[debug] [Loading] Scanning directory /home/olzhas/IdeaProjects/Backend/project
[debug] [Loading] Found non-root projects 
[debug] [Loading] Done in /home/olzhas/IdeaProjects/Backend/project, returning: ()
[debug] deducing auto plugins based on known facts Set(Atom(sbt.plugins.CorePlugin)) and clauses Clauses(List(Clause(Atom(sbt.plugins.JvmPlugin),Set(Atom(sbt.plugins.IvyPlugin))), Clause(Atom(sbt.ScriptedPlugin),Set(Atom(sbt.plugins.JvmPlugin))), Clause(Atom(sbt.plugins.SbtPlugin),Set(Atom(sbt.ScriptedPlugin))), Clause(Atom(sbt.plugins.SemanticdbPlugin),Set(Atom(sbt.plugins.JvmPlugin))), Clause(Atom(sbt.plugins.JUnitXmlReportPlugin),Set(Atom(sbt.plugins.JvmPlugin))), Clause(Atom(sbt.plugins.MiniDependencyTreePlugin),Set(Atom(sbt.plugins.JvmPlugin))), Clause(Atom(sbt.plugins.CorePlugin),Set(Atom(sbt.plugins.IvyPlugin))), Clause(Atom(sbt.plugins.IvyPlugin),Set(Atom(sbt.plugins.JvmPlugin))), Clause(Atom(sbt.plugins.JvmPlugin),Set(Atom(sbt.plugins.SemanticdbPlugin))), Clause(Atom(sbt.plugins.JvmPlugin),Set(Atom(sbt.plugins.JUnitXmlReportPlugin))), Clause(Atom(sbt.plugins.CorePlugin),Set(Atom(sbt.plugins.Giter8TemplatePlugin))), Clause(Atom(sbt.plugins.JvmPlugin),Set(Atom(sbt.plugins.MiniDependencyTreePlugin)))))
[debug]   :: deduced result: Matched(sbt.plugins.CorePlugin,sbt.plugins.Giter8TemplatePlugin,sbt.plugins.IvyPlugin,sbt.plugins.JvmPlugin,sbt.plugins.MiniDependencyTreePlugin,sbt.plugins.JUnitXmlReportPlugin,sbt.plugins.SemanticdbPlugin)
[debug] Plugins.deducer#function took 2.268873 ms
[debug]               Load.resolveProject(backend-build) took 1.673062ms
[debug]             Load.loadTransitive: finalizeProject(Project(id backend-build, base: /home/olzhas/IdeaProjects/Backend/project, plugins: List(<none>))) took 4.610308ms
[debug] [Loading] Done in /home/olzhas/IdeaProjects/Backend/project, returning: (backend-build)
[debug]           Load.loadUnit: loadedProjectsRaw took 7.385074ms
[debug]           Load.loadUnit: cleanEvalClasses took 0.012715ms
[debug]         Load.loadUnit(file:/home/olzhas/IdeaProjects/Backend/project/, ...) took 37.011567ms
[debug]       Load.apply: load took 38.481484ms
[debug]       Load.apply: resolveProjects took 0.127716ms
[debug]       Load.apply: finalTransforms took 14.244173ms
[debug]       Load.apply: config.delegates took 0.521161ms
[debug]       Load.apply: Def.make(settings)... took 118.142975ms
[debug]       Load.apply: structureIndex took 42.99279ms
[debug]       Load.apply: mkStreams took 0.006577ms
[info] loading project definition from /home/olzhas/IdeaProjects/Backend/project
[debug] Running task... Cancel: Signal, check cycles: false, forcegc: true
[debug]     Load.loadUnit: plugins took 590.796812ms
[debug]     Load.loadUnit: defsScala took 0.013972ms
[debug] [Loading] Scanning directory /home/olzhas/IdeaProjects/Backend
[debug]       Load.loadUnit: mkEval took 9.626098ms
[debug] [Loading] Found non-root projects 
[debug] [Loading] Done in /home/olzhas/IdeaProjects/Backend, returning: ()
[debug] deducing auto plugins based on known facts Set(Atom(sbt.plugins.CorePlugin)) and clauses Clauses(List(Clause(Atom(sbt.plugins.JvmPlugin),Set(Atom(sbt.plugins.IvyPlugin))), Clause(Atom(sbt.ScriptedPlugin),Set(Atom(sbt.plugins.JvmPlugin))), Clause(Atom(sbt.plugins.SbtPlugin),Set(Atom(sbt.ScriptedPlugin))), Clause(Atom(sbt.plugins.SemanticdbPlugin),Set(Atom(sbt.plugins.JvmPlugin))), Clause(Atom(sbt.plugins.JUnitXmlReportPlugin),Set(Atom(sbt.plugins.JvmPlugin))), Clause(Atom(sbt.plugins.MiniDependencyTreePlugin),Set(Atom(sbt.plugins.JvmPlugin))), Clause(Atom(sbt.plugins.CorePlugin),Set(Atom(sbt.plugins.IvyPlugin))), Clause(Atom(sbt.plugins.IvyPlugin),Set(Atom(sbt.plugins.JvmPlugin))), Clause(Atom(sbt.plugins.JvmPlugin),Set(Atom(sbt.plugins.SemanticdbPlugin))), Clause(Atom(sbt.plugins.JvmPlugin),Set(Atom(sbt.plugins.JUnitXmlReportPlugin))), Clause(Atom(sbt.plugins.CorePlugin),Set(Atom(sbt.plugins.Giter8TemplatePlugin))), Clause(Atom(sbt.plugins.JvmPlugin),Set(Atom(sbt.plugins.MiniDependencyTreePlugin)))))
[debug]   :: deduced result: Matched(sbt.plugins.CorePlugin,sbt.plugins.Giter8TemplatePlugin,sbt.plugins.IvyPlugin,sbt.plugins.JvmPlugin,sbt.plugins.MiniDependencyTreePlugin,sbt.plugins.JUnitXmlReportPlugin,sbt.plugins.SemanticdbPlugin)
[debug] Plugins.deducer#function took 2.962694 ms
[info] loading settings for project backend from build.sbt ...
[debug]         Load.resolveProject(backend) took 4.530068ms
[debug]       Load.loadTransitive: finalizeProject(Project(id backend, base: /home/olzhas/IdeaProjects/Backend, plugins: List(<none>))) took 8.625145ms
[debug] [Loading] Done in /home/olzhas/IdeaProjects/Backend, returning: (backend)
[debug]     Load.loadUnit: loadedProjectsRaw took 378.478648ms
[debug]     Load.loadUnit: cleanEvalClasses took 8.482457ms
[debug]   Load.loadUnit(file:/home/olzhas/IdeaProjects/Backend/, ...) took 978.800863ms
[debug] Load.apply: load took 980.406028ms
[debug] Load.apply: resolveProjects took 0.152975ms
[debug] Load.apply: finalTransforms took 15.629275ms
[debug] Load.apply: config.delegates took 0.689328ms
[debug] Load.apply: Def.make(settings)... took 114.52806ms
[debug] Load.apply: structureIndex took 38.43207ms
[debug] Load.apply: mkStreams took 0.004538ms
[info] set current project to Backend (in build file:/home/olzhas/IdeaProjects/Backend/)
[debug] > Exec(sbtPopOnFailure, None, None)
[debug] > Exec(resumeFromFailure, None, None)
[debug] > Exec(notifyUsersAboutShell, None, None)
[debug] > Exec(iflast shell, None, None)
[debug] > Exec(~run, None, None)
[info] sbt server started at local:///home/olzhas/.sbt/1.0/server/4ad2a33bb3d4bb9af9ee/sock
[info] started sbt server
[debug] > Exec(__runWatch console0, None, None)
[debug] > Exec(sbtStashOnFailure, None, None)
[debug] > Exec(__preWatch console0, None, None)
[debug] > Exec(run, None, None)
[debug] Evaluating tasks: Compile / run
[debug] Running task... Cancel: Signal, check cycles: false, forcegc: true
