[debug] > Exec(early(addDefaultCommands), None, None)
[debug] > Exec(addDefaultCommands, None, None)
[debug] > Exec(early(initialize), None, None)
[debug] > Exec(initialize, None, None)
[debug] > Exec(boot, None, None)
[debug] > Exec(writeSbtVersion, None, None)
[debug] > Exec(reload, None, None)
[debug] > Exec(sbtStashOnFailure, None, None)
[debug] > Exec(onFailure loadFailed, None, None)
[debug] > Exec(loadp, None, None)
[info] welcome to sbt 1.4.5 (Private Build Java 1.8.0_275)
[debug]       Load.loadUnit: plugins took 132.140152ms
[debug]       Load.loadUnit: defsScala took 0.503077ms
[debug] [Loading] Scanning directory /home/olzhas/.sbt/1.0/plugins
[debug] [Loading] Found non-root projects 
[debug] [Loading] Done in /home/olzhas/.sbt/1.0/plugins, returning: ()
[debug] deducing auto plugins based on known facts Set(Atom(sbt.plugins.CorePlugin)) and clauses Clauses(List(Clause(Atom(sbt.plugins.JvmPlugin),Set(Atom(sbt.plugins.IvyPlugin))), Clause(Atom(sbt.ScriptedPlugin),Set(Atom(sbt.plugins.JvmPlugin))), Clause(Atom(sbt.plugins.SbtPlugin),Set(Atom(sbt.ScriptedPlugin))), Clause(Atom(sbt.plugins.SemanticdbPlugin),Set(Atom(sbt.plugins.JvmPlugin))), Clause(Atom(sbt.plugins.JUnitXmlReportPlugin),Set(Atom(sbt.plugins.JvmPlugin))), Clause(Atom(sbt.plugins.MiniDependencyTreePlugin),Set(Atom(sbt.plugins.JvmPlugin))), Clause(Atom(sbt.plugins.CorePlugin),Set(Atom(sbt.plugins.IvyPlugin))), Clause(Atom(sbt.plugins.IvyPlugin),Set(Atom(sbt.plugins.JvmPlugin))), Clause(Atom(sbt.plugins.JvmPlugin),Set(Atom(sbt.plugins.SemanticdbPlugin))), Clause(Atom(sbt.plugins.JvmPlugin),Set(Atom(sbt.plugins.JUnitXmlReportPlugin))), Clause(Atom(sbt.plugins.CorePlugin),Set(Atom(sbt.plugins.Giter8TemplatePlugin))), Clause(Atom(sbt.plugins.JvmPlugin),Set(Atom(sbt.plugins.MiniDependencyTreePlugin)))))
[debug]   :: deduced result: Matched(sbt.plugins.CorePlugin,sbt.plugins.Giter8TemplatePlugin,sbt.plugins.IvyPlugin,sbt.plugins.JvmPlugin,sbt.plugins.MiniDependencyTreePlugin,sbt.plugins.JUnitXmlReportPlugin,sbt.plugins.SemanticdbPlugin)
[debug] Plugins.deducer#function took 62.279119 ms
[debug]           Load.resolveProject(global-plugins) took 76.283071ms
[debug]         Load.loadTransitive: finalizeProject(Project(id global-plugins, base: /home/olzhas/.sbt/1.0/plugins, plugins: List(<none>))) took 190.584019ms
[debug] [Loading] Done in /home/olzhas/.sbt/1.0/plugins, returning: (global-plugins)
[debug]       Load.loadUnit: loadedProjectsRaw took 258.251649ms
[debug]       Load.loadUnit: cleanEvalClasses took 0.383657ms
[debug]     Load.loadUnit(file:/home/olzhas/.sbt/1.0/plugins/, ...) took 570.481168ms
[debug]   Load.apply: load took 889.627814ms
[debug]   Load.apply: resolveProjects took 16.452585ms
[debug]   Load.apply: finalTransforms took 154.944596ms
[debug]   Load.apply: config.delegates took 15.226971ms
[debug]   Load.apply: Def.make(settings)... took 700.300169ms
[debug]   Load.apply: structureIndex took 106.162948ms
[debug]   Load.apply: mkStreams took 1.826979ms
[info] loading global plugins from /home/olzhas/.sbt/1.0/plugins
[debug] Running task... Cancel: Signal, check cycles: false, forcegc: true
[debug] Load.defaultLoad until apply took 4386.203898ms
[debug]           Load.loadUnit: plugins took 25.252483ms
[debug]           Load.loadUnit: defsScala took 0.00523ms
[debug] [Loading] Scanning directory /home/olzhas/IdeaProjects/Backend/project
[debug] [Loading] Found non-root projects 
[debug] [Loading] Done in /home/olzhas/IdeaProjects/Backend/project, returning: ()
[debug] deducing auto plugins based on known facts Set(Atom(sbt.plugins.CorePlugin)) and clauses Clauses(List(Clause(Atom(sbt.plugins.JvmPlugin),Set(Atom(sbt.plugins.IvyPlugin))), Clause(Atom(sbt.ScriptedPlugin),Set(Atom(sbt.plugins.JvmPlugin))), Clause(Atom(sbt.plugins.SbtPlugin),Set(Atom(sbt.ScriptedPlugin))), Clause(Atom(sbt.plugins.SemanticdbPlugin),Set(Atom(sbt.plugins.JvmPlugin))), Clause(Atom(sbt.plugins.JUnitXmlReportPlugin),Set(Atom(sbt.plugins.JvmPlugin))), Clause(Atom(sbt.plugins.MiniDependencyTreePlugin),Set(Atom(sbt.plugins.JvmPlugin))), Clause(Atom(sbt.plugins.CorePlugin),Set(Atom(sbt.plugins.IvyPlugin))), Clause(Atom(sbt.plugins.IvyPlugin),Set(Atom(sbt.plugins.JvmPlugin))), Clause(Atom(sbt.plugins.JvmPlugin),Set(Atom(sbt.plugins.SemanticdbPlugin))), Clause(Atom(sbt.plugins.JvmPlugin),Set(Atom(sbt.plugins.JUnitXmlReportPlugin))), Clause(Atom(sbt.plugins.CorePlugin),Set(Atom(sbt.plugins.Giter8TemplatePlugin))), Clause(Atom(sbt.plugins.JvmPlugin),Set(Atom(sbt.plugins.MiniDependencyTreePlugin)))))
[debug]   :: deduced result: Matched(sbt.plugins.CorePlugin,sbt.plugins.Giter8TemplatePlugin,sbt.plugins.IvyPlugin,sbt.plugins.JvmPlugin,sbt.plugins.MiniDependencyTreePlugin,sbt.plugins.JUnitXmlReportPlugin,sbt.plugins.SemanticdbPlugin)
[debug] Plugins.deducer#function took 3.234703 ms
[debug]               Load.resolveProject(backend-build) took 2.103463ms
[debug]             Load.loadTransitive: finalizeProject(Project(id backend-build, base: /home/olzhas/IdeaProjects/Backend/project, plugins: List(<none>))) took 6.367602ms
[debug] [Loading] Done in /home/olzhas/IdeaProjects/Backend/project, returning: (backend-build)
[debug]           Load.loadUnit: loadedProjectsRaw took 8.996629ms
[debug]           Load.loadUnit: cleanEvalClasses took 0.016412ms
[debug]         Load.loadUnit(file:/home/olzhas/IdeaProjects/Backend/project/, ...) took 35.243054ms
[debug]       Load.apply: load took 36.927852ms
[debug]       Load.apply: resolveProjects took 0.152805ms
[debug]       Load.apply: finalTransforms took 16.438506ms
[debug]       Load.apply: config.delegates took 0.639397ms
[debug]       Load.apply: Def.make(settings)... took 93.120928ms
[debug]       Load.apply: structureIndex took 38.050048ms
[debug]       Load.apply: mkStreams took 0.003084ms
[info] loading project definition from /home/olzhas/IdeaProjects/Backend/project
[debug] Running task... Cancel: Signal, check cycles: false, forcegc: true
[debug]     Load.loadUnit: plugins took 644.767071ms
[debug]     Load.loadUnit: defsScala took 0.008319ms
[debug] [Loading] Scanning directory /home/olzhas/IdeaProjects/Backend
[debug]       Load.loadUnit: mkEval took 11.301681ms
[debug] [Loading] Found non-root projects 
[debug] [Loading] Done in /home/olzhas/IdeaProjects/Backend, returning: ()
[debug] deducing auto plugins based on known facts Set(Atom(sbt.plugins.CorePlugin)) and clauses Clauses(List(Clause(Atom(sbt.plugins.JvmPlugin),Set(Atom(sbt.plugins.IvyPlugin))), Clause(Atom(sbt.ScriptedPlugin),Set(Atom(sbt.plugins.JvmPlugin))), Clause(Atom(sbt.plugins.SbtPlugin),Set(Atom(sbt.ScriptedPlugin))), Clause(Atom(sbt.plugins.SemanticdbPlugin),Set(Atom(sbt.plugins.JvmPlugin))), Clause(Atom(sbt.plugins.JUnitXmlReportPlugin),Set(Atom(sbt.plugins.JvmPlugin))), Clause(Atom(sbt.plugins.MiniDependencyTreePlugin),Set(Atom(sbt.plugins.JvmPlugin))), Clause(Atom(sbt.plugins.CorePlugin),Set(Atom(sbt.plugins.IvyPlugin))), Clause(Atom(sbt.plugins.IvyPlugin),Set(Atom(sbt.plugins.JvmPlugin))), Clause(Atom(sbt.plugins.JvmPlugin),Set(Atom(sbt.plugins.SemanticdbPlugin))), Clause(Atom(sbt.plugins.JvmPlugin),Set(Atom(sbt.plugins.JUnitXmlReportPlugin))), Clause(Atom(sbt.plugins.CorePlugin),Set(Atom(sbt.plugins.Giter8TemplatePlugin))), Clause(Atom(sbt.plugins.JvmPlugin),Set(Atom(sbt.plugins.MiniDependencyTreePlugin)))))
[debug]   :: deduced result: Matched(sbt.plugins.CorePlugin,sbt.plugins.Giter8TemplatePlugin,sbt.plugins.IvyPlugin,sbt.plugins.JvmPlugin,sbt.plugins.MiniDependencyTreePlugin,sbt.plugins.JUnitXmlReportPlugin,sbt.plugins.SemanticdbPlugin)
[debug] Plugins.deducer#function took 3.111672 ms
[info] loading settings for project backend from build.sbt ...
[debug]         Load.resolveProject(backend) took 5.65855ms
[debug]       Load.loadTransitive: finalizeProject(Project(id backend, base: /home/olzhas/IdeaProjects/Backend, plugins: List(<none>))) took 9.99722ms
[debug] [Loading] Done in /home/olzhas/IdeaProjects/Backend, returning: (backend)
[debug]     Load.loadUnit: loadedProjectsRaw took 445.905018ms
[debug]     Load.loadUnit: cleanEvalClasses took 7.579063ms
[debug]   Load.loadUnit(file:/home/olzhas/IdeaProjects/Backend/, ...) took 1099.708305ms
[debug] Load.apply: load took 1101.343115ms
[debug] Load.apply: resolveProjects took 0.187069ms
[debug] Load.apply: finalTransforms took 11.858709ms
[debug] Load.apply: config.delegates took 0.523573ms
[debug] Load.apply: Def.make(settings)... took 93.7376ms
[debug] Load.apply: structureIndex took 27.577263ms
[debug] Load.apply: mkStreams took 0.003394ms
[info] set current project to Backend (in build file:/home/olzhas/IdeaProjects/Backend/)
[debug] > Exec(sbtPopOnFailure, None, None)
[debug] > Exec(resumeFromFailure, None, None)
[debug] > Exec(notifyUsersAboutShell, None, None)
[debug] > Exec(iflast shell, None, None)
[debug] > Exec(~run, None, None)
[info] sbt server started at local:///home/olzhas/.sbt/1.0/server/4ad2a33bb3d4bb9af9ee/sock
[info] started sbt server
[debug] > Exec(__runWatch console0, None, None)
[debug] > Exec(sbtStashOnFailure, None, None)
[debug] > Exec(__preWatch console0, None, None)
[debug] > Exec(run, None, None)
[debug] Evaluating tasks: Compile / run
[debug] Running task... Cancel: Signal, check cycles: false, forcegc: true
[info] compiling 4 Scala sources to /home/olzhas/IdeaProjects/Backend/target/scala-2.13/classes ...
[warn] /home/olzhas/IdeaProjects/Backend/src/main/scala/api/Router.scala:9:18: Unused import
[warn] import Validator._
[warn]                  ^
[warn] /home/olzhas/IdeaProjects/Backend/src/main/scala/api/Router.scala:20:81: parameter value ex in class NodeRouter is never used
[warn] class NodeRouter( node:ActorRef[Node.Command])(implicit system: ActorSystem[_], ex:ExecutionContext)
[warn]                                                                                 ^
[warn] /home/olzhas/IdeaProjects/Backend/src/main/scala/node/Node.scala:87:20: local method system in value $anonfun is never used
[warn]       implicit def system: ActorSystem[Nothing] = context.system
[warn]                    ^
[warn] /home/olzhas/IdeaProjects/Backend/src/main/scala/node/Node.scala:89:20: local method scheduler in value $anonfun is never used
[warn]       implicit def scheduler: Scheduler = context.system.scheduler
[warn]                    ^
[warn] /home/olzhas/IdeaProjects/Backend/src/main/scala/node/Node.scala:91:25: local val timeout in value $anonfun is never used
[warn]       implicit lazy val timeout: Timeout = Timeout(5.seconds)
[warn]                         ^
[warn] /home/olzhas/IdeaProjects/Backend/src/main/scala/repository/UserAccount.scala:29:11: local var newProductList in method addToCart is never updated: consider using immutable val
[warn]       var newProductList = user.products :+ getProductById(productId)
[warn]           ^
[warn] /home/olzhas/IdeaProjects/Backend/src/main/scala/repository/UserAccount.scala:30:11: local var changedUser in method addToCart is never updated: consider using immutable val
[warn]       var changedUser = user.copy(products=newProductList)
[warn]           ^
[warn] /home/olzhas/IdeaProjects/Backend/src/main/scala/repository/UserAccount.scala:34:12: local var newProductList in method deleteFromCart is never updated: consider using immutable val
[warn]        var newProductList = user.products.filter(product => (product.id != productId))
[warn]            ^
[warn] /home/olzhas/IdeaProjects/Backend/src/main/scala/repository/UserAccount.scala:35:12: local var changedUser in method deleteFromCart is never updated: consider using immutable val
[warn]        var changedUser = user.copy(products=newProductList)
[warn]            ^
[warn] /home/olzhas/IdeaProjects/Backend/src/main/scala/api/Router.scala:34:22: Block result was adapted via implicit conversion (method apply) taking a by-name parameter
[warn]             complete(response)
[warn]                      ^
[warn] /home/olzhas/IdeaProjects/Backend/src/main/scala/api/Router.scala:43:24: Block result was adapted via implicit conversion (method apply) taking a by-name parameter
[warn]               entity(as[PostText]) { token =>
[warn]                        ^
[warn] /home/olzhas/IdeaProjects/Backend/src/main/scala/api/Router.scala:49:28: Block result was adapted via implicit conversion (method apply) taking a by-name parameter
[warn]                   complete(token)
[warn]                            ^
[warn] /home/olzhas/IdeaProjects/Backend/src/main/scala/api/Router.scala:56:24: Block result was adapted via implicit conversion (method apply) taking a by-name parameter
[warn]               entity(as[NewUser]) { newUser =>
[warn]                        ^
[warn] /home/olzhas/IdeaProjects/Backend/src/main/scala/api/Router.scala:65:28: Block result was adapted via implicit conversion (method apply) taking a by-name parameter
[warn]                   complete(response)
[warn]                            ^
[warn] /home/olzhas/IdeaProjects/Backend/src/main/scala/api/Router.scala:73:26: Block result was adapted via implicit conversion (method apply) taking a by-name parameter
[warn]                 entity(as[AddProductToBasket]) { updateUser =>
[warn]                          ^
[warn] /home/olzhas/IdeaProjects/Backend/src/main/scala/api/Router.scala:77:30: Block result was adapted via implicit conversion (method apply) taking a by-name parameter
[warn]                     complete(response)
[warn]                              ^
[warn] /home/olzhas/IdeaProjects/Backend/src/main/scala/api/Router.scala:82:26: Block result was adapted via implicit conversion (method apply) taking a by-name parameter
[warn]                 entity(as[AddProductToBasket]) { updateUser =>
[warn]                          ^
[warn] /home/olzhas/IdeaProjects/Backend/src/main/scala/api/Router.scala:86:30: Block result was adapted via implicit conversion (method apply) taking a by-name parameter
[warn]                     complete(response)
[warn]                              ^
[warn] /home/olzhas/IdeaProjects/Backend/src/main/scala/api/Router.scala:98:28: Block result was adapted via implicit conversion (method apply) taking a by-name parameter
[warn]                   complete(response)
[warn]                            ^
[warn] /home/olzhas/IdeaProjects/Backend/src/main/scala/api/Router.scala:105:28: Block result was adapted via implicit conversion (method apply) taking a by-name parameter
[warn]                   complete(response)
[warn]                            ^
[warn] /home/olzhas/IdeaProjects/Backend/src/main/scala/api/Router.scala:109:26: Block result was adapted via implicit conversion (method apply) taking a by-name parameter
[warn]                 entity(as[AddProductToBasket]) { updateUser =>
[warn]                          ^
[warn] /home/olzhas/IdeaProjects/Backend/src/main/scala/api/Router.scala:113:30: Block result was adapted via implicit conversion (method apply) taking a by-name parameter
[warn]                     complete(response)
[warn]                              ^
[warn] /home/olzhas/IdeaProjects/Backend/src/main/scala/api/Router.scala:123:24: Block result was adapted via implicit conversion (method apply) taking a by-name parameter
[warn]               complete(response)
[warn]                        ^
[warn] /home/olzhas/IdeaProjects/Backend/src/main/scala/api/Router.scala:127:22: Block result was adapted via implicit conversion (method apply) taking a by-name parameter
[warn]             entity(as[NewUser]) { createUser =>
[warn]                      ^
[warn] /home/olzhas/IdeaProjects/Backend/src/main/scala/api/Router.scala:136:26: Block result was adapted via implicit conversion (method apply) taking a by-name parameter
[warn]                 complete(response)
[warn]                          ^
[warn] /home/olzhas/IdeaProjects/Backend/src/main/scala/api/Router.scala:151:28: Block result was adapted via implicit conversion (method apply) taking a by-name parameter
[warn]                   complete(response)
[warn]                            ^
[warn] /home/olzhas/IdeaProjects/Backend/src/main/scala/api/Router.scala:158:28: Block result was adapted via implicit conversion (method apply) taking a by-name parameter
[warn]                   complete(response)
[warn]                            ^
[warn] /home/olzhas/IdeaProjects/Backend/src/main/scala/api/Router.scala:162:26: Block result was adapted via implicit conversion (method apply) taking a by-name parameter
[warn]                 entity(as[UpdateCategory]) { updateCat =>
[warn]                          ^
[warn] /home/olzhas/IdeaProjects/Backend/src/main/scala/api/Router.scala:166:30: Block result was adapted via implicit conversion (method apply) taking a by-name parameter
[warn]                     complete(response)
[warn]                              ^
[warn] /home/olzhas/IdeaProjects/Backend/src/main/scala/api/Router.scala:177:26: Block result was adapted via implicit conversion (method apply) taking a by-name parameter
[warn]                 complete(response)
[warn]                          ^
[warn] /home/olzhas/IdeaProjects/Backend/src/main/scala/api/Router.scala:181:24: Block result was adapted via implicit conversion (method apply) taking a by-name parameter
[warn]               entity(as[CreateCategory]) { createCat =>
[warn]                        ^
[warn] /home/olzhas/IdeaProjects/Backend/src/main/scala/api/Router.scala:190:28: Block result was adapted via implicit conversion (method apply) taking a by-name parameter
[warn]                   complete(response)
[warn]                            ^
[warn] /home/olzhas/IdeaProjects/Backend/src/main/scala/api/Router.scala:206:28: Block result was adapted via implicit conversion (method apply) taking a by-name parameter
[warn]                   complete(response)
[warn]                            ^
[warn] /home/olzhas/IdeaProjects/Backend/src/main/scala/api/Router.scala:217:28: Block result was adapted via implicit conversion (method apply) taking a by-name parameter
[warn]                   complete(response)
[warn]                            ^
[warn] /home/olzhas/IdeaProjects/Backend/src/main/scala/api/Router.scala:224:28: Block result was adapted via implicit conversion (method apply) taking a by-name parameter
[warn]                   complete(response)
[warn]                            ^
[warn] /home/olzhas/IdeaProjects/Backend/src/main/scala/api/Router.scala:228:26: Block result was adapted via implicit conversion (method apply) taking a by-name parameter
[warn]                 entity(as[UpdateProduct]) { updateProduct=>
[warn]                          ^
[warn] /home/olzhas/IdeaProjects/Backend/src/main/scala/api/Router.scala:232:30: Block result was adapted via implicit conversion (method apply) taking a by-name parameter
[warn]                     complete(response)
[warn]                              ^
[warn] /home/olzhas/IdeaProjects/Backend/src/main/scala/api/Router.scala:243:26: Block result was adapted via implicit conversion (method apply) taking a by-name parameter
[warn]                 complete(response)
[warn]                          ^
[warn] /home/olzhas/IdeaProjects/Backend/src/main/scala/api/Router.scala:247:24: Block result was adapted via implicit conversion (method apply) taking a by-name parameter
[warn]               entity(as[NewProduct]) { newProduct =>
[warn]                        ^
[warn] /home/olzhas/IdeaProjects/Backend/src/main/scala/api/Router.scala:256:28: Block result was adapted via implicit conversion (method apply) taking a by-name parameter
[warn]                   complete(response)
[warn]                            ^
[warn] /home/olzhas/IdeaProjects/Backend/src/main/scala/node/Node.scala:96:9: match may not be exhaustive.
[warn] It would fail on the following input: (x: node.Node.Command forSome x not in (node.Node.AddProductToBasket, node.Node.Check, node.Node.Create, node.Node.DeleteAccount, node.Node.DeleteCategory, node.Node.DeleteProduct, node.Node.DeleteProductFromAccount, node.Node.FindProduct, node.Node.GetAccount, node.Node.GetAccounts, node.Node.GetCategories, node.Node.GetCategory, node.Node.GetProduct, node.Node.GetProducts, node.Node.GetToken, node.Node.NewCategory, node.Node.NewProduct, node.Node.UpdateCategory, node.Node.UpdateProduct))
[warn]         message match {
[warn]         ^
[warn] /home/olzhas/IdeaProjects/Backend/src/main/scala/repository/UserAccount.scala:222:5: match may not be exhaustive.
[warn] It would fail on the following input: (x: node.Node.Command forSome x not in (repository.UserAccount.AddCategory, repository.UserAccount.AddProduct, repository.UserAccount.AddToCart, repository.UserAccount.AddUser, repository.UserAccount.AdjustProduct, repository.UserAccount.AdjustUser, repository.UserAccount.Checkout, repository.UserAccount.CheckoutProduct, repository.UserAccount.DeleteFromCart, repository.UserAccount.GetCategories, repository.UserAccount.GetCategory, repository.UserAccount.GetProduct, repository.UserAccount.GetProducts, repository.UserAccount.GetToken, repository.UserAccount.GetUser, repository.UserAccount.GetUsers, repository.UserAccount.RemoveCategory, repository.UserAccount.RemoveProduct, repository.UserAccount.RemoveUser, repository.UserAccount.SearchProductByName, repository.UserAccount.UpdateCategory, repository.UserAccount.UpdateProduct))
[warn]     command match {
[warn]     ^
[warn] /home/olzhas/IdeaProjects/Backend/src/main/scala/repository/UserAccount.scala:444:5: match may not be exhaustive.
[warn] It would fail on the following input: (x: node.Node.Command forSome x not in (repository.UserAccount.AddProduct, repository.UserAccount.AddToCart, repository.UserAccount.AddUser, repository.UserAccount.AdjustProduct, repository.UserAccount.AdjustUser, repository.UserAccount.Checkout, repository.UserAccount.CheckoutProduct, repository.UserAccount.GetProduct, repository.UserAccount.GetProducts, repository.UserAccount.GetUser, repository.UserAccount.RemoveProduct, repository.UserAccount.RemoveUser))
[warn]     command match {
[warn]     ^
[warn] 43 warnings found
[info] done compiling
[info] compiling 4 Scala sources to /home/olzhas/IdeaProjects/Backend/target/scala-2.13/classes ...
[warn] /home/olzhas/IdeaProjects/Backend/src/main/scala/Main.scala:14:18: local val log in method main is never used
[warn]     implicit val log: Logger = LoggerFactory.getLogger(getClass)
[warn]                  ^
[warn] /home/olzhas/IdeaProjects/Backend/src/main/scala/api/Router.scala:9:18: Unused import
[warn] import Validator._
[warn]                  ^
[warn] /home/olzhas/IdeaProjects/Backend/src/main/scala/api/Router.scala:20:81: parameter value ex in class NodeRouter is never used
[warn] class NodeRouter( node:ActorRef[Node.Command])(implicit system: ActorSystem[_], ex:ExecutionContext)
[warn]                                                                                 ^
[warn] /home/olzhas/IdeaProjects/Backend/src/main/scala/node/Node.scala:87:20: local method system in value $anonfun is never used
[warn]       implicit def system: ActorSystem[Nothing] = context.system
[warn]                    ^
[warn] /home/olzhas/IdeaProjects/Backend/src/main/scala/node/Node.scala:89:20: local method scheduler in value $anonfun is never used
[warn]       implicit def scheduler: Scheduler = context.system.scheduler
[warn]                    ^
[warn] /home/olzhas/IdeaProjects/Backend/src/main/scala/node/Node.scala:91:25: local val timeout in value $anonfun is never used
[warn]       implicit lazy val timeout: Timeout = Timeout(5.seconds)
[warn]                         ^
[warn] /home/olzhas/IdeaProjects/Backend/src/main/scala/repository/UserAccount.scala:29:11: local var newProductList in method addToCart is never updated: consider using immutable val
[warn]       var newProductList = user.products :+ getProductById(productId)
[warn]           ^
[warn] /home/olzhas/IdeaProjects/Backend/src/main/scala/repository/UserAccount.scala:30:11: local var changedUser in method addToCart is never updated: consider using immutable val
[warn]       var changedUser = user.copy(products=newProductList)
[warn]           ^
[warn] /home/olzhas/IdeaProjects/Backend/src/main/scala/repository/UserAccount.scala:34:12: local var newProductList in method deleteFromCart is never updated: consider using immutable val
[warn]        var newProductList = user.products.filter(product => (product.id != productId))
[warn]            ^
[warn] /home/olzhas/IdeaProjects/Backend/src/main/scala/repository/UserAccount.scala:35:12: local var changedUser in method deleteFromCart is never updated: consider using immutable val
[warn]        var changedUser = user.copy(products=newProductList)
[warn]            ^
[warn] /home/olzhas/IdeaProjects/Backend/src/main/scala/api/Router.scala:34:22: Block result was adapted via implicit conversion (method apply) taking a by-name parameter
[warn]             complete(response)
[warn]                      ^
[warn] /home/olzhas/IdeaProjects/Backend/src/main/scala/api/Router.scala:43:24: Block result was adapted via implicit conversion (method apply) taking a by-name parameter
[warn]               entity(as[PostText]) { token =>
[warn]                        ^
[warn] /home/olzhas/IdeaProjects/Backend/src/main/scala/api/Router.scala:49:28: Block result was adapted via implicit conversion (method apply) taking a by-name parameter
[warn]                   complete(token)
[warn]                            ^
[warn] /home/olzhas/IdeaProjects/Backend/src/main/scala/api/Router.scala:56:24: Block result was adapted via implicit conversion (method apply) taking a by-name parameter
[warn]               entity(as[NewUser]) { newUser =>
[warn]                        ^
[warn] /home/olzhas/IdeaProjects/Backend/src/main/scala/api/Router.scala:65:28: Block result was adapted via implicit conversion (method apply) taking a by-name parameter
[warn]                   complete(response)
[warn]                            ^
[warn] /home/olzhas/IdeaProjects/Backend/src/main/scala/api/Router.scala:73:26: Block result was adapted via implicit conversion (method apply) taking a by-name parameter
[warn]                 entity(as[AddProductToBasket]) { updateUser =>
[warn]                          ^
[warn] /home/olzhas/IdeaProjects/Backend/src/main/scala/api/Router.scala:77:30: Block result was adapted via implicit conversion (method apply) taking a by-name parameter
[warn]                     complete(response)
[warn]                              ^
[warn] /home/olzhas/IdeaProjects/Backend/src/main/scala/api/Router.scala:82:26: Block result was adapted via implicit conversion (method apply) taking a by-name parameter
[warn]                 entity(as[AddProductToBasket]) { updateUser =>
[warn]                          ^
[warn] /home/olzhas/IdeaProjects/Backend/src/main/scala/api/Router.scala:86:30: Block result was adapted via implicit conversion (method apply) taking a by-name parameter
[warn]                     complete(response)
[warn]                              ^
[warn] /home/olzhas/IdeaProjects/Backend/src/main/scala/api/Router.scala:98:28: Block result was adapted via implicit conversion (method apply) taking a by-name parameter
[warn]                   complete(response)
[warn]                            ^
[warn] /home/olzhas/IdeaProjects/Backend/src/main/scala/api/Router.scala:105:28: Block result was adapted via implicit conversion (method apply) taking a by-name parameter
[warn]                   complete(response)
[warn]                            ^
[warn] /home/olzhas/IdeaProjects/Backend/src/main/scala/api/Router.scala:109:26: Block result was adapted via implicit conversion (method apply) taking a by-name parameter
[warn]                 entity(as[AddProductToBasket]) { updateUser =>
[warn]                          ^
[warn] /home/olzhas/IdeaProjects/Backend/src/main/scala/api/Router.scala:113:30: Block result was adapted via implicit conversion (method apply) taking a by-name parameter
[warn]                     complete(response)
[warn]                              ^
[warn] /home/olzhas/IdeaProjects/Backend/src/main/scala/api/Router.scala:123:24: Block result was adapted via implicit conversion (method apply) taking a by-name parameter
[warn]               complete(response)
[warn]                        ^
[warn] /home/olzhas/IdeaProjects/Backend/src/main/scala/api/Router.scala:127:22: Block result was adapted via implicit conversion (method apply) taking a by-name parameter
[warn]             entity(as[NewUser]) { createUser =>
[warn]                      ^
[warn] /home/olzhas/IdeaProjects/Backend/src/main/scala/api/Router.scala:136:26: Block result was adapted via implicit conversion (method apply) taking a by-name parameter
[warn]                 complete(response)
[warn]                          ^
[warn] /home/olzhas/IdeaProjects/Backend/src/main/scala/api/Router.scala:151:28: Block result was adapted via implicit conversion (method apply) taking a by-name parameter
[warn]                   complete(response)
[warn]                            ^
[warn] /home/olzhas/IdeaProjects/Backend/src/main/scala/api/Router.scala:158:28: Block result was adapted via implicit conversion (method apply) taking a by-name parameter
[warn]                   complete(response)
[warn]                            ^
[warn] /home/olzhas/IdeaProjects/Backend/src/main/scala/api/Router.scala:162:26: Block result was adapted via implicit conversion (method apply) taking a by-name parameter
[warn]                 entity(as[UpdateCategory]) { updateCat =>
[warn]                          ^
[warn] /home/olzhas/IdeaProjects/Backend/src/main/scala/api/Router.scala:166:30: Block result was adapted via implicit conversion (method apply) taking a by-name parameter
[warn]                     complete(response)
[warn]                              ^
[warn] /home/olzhas/IdeaProjects/Backend/src/main/scala/api/Router.scala:177:26: Block result was adapted via implicit conversion (method apply) taking a by-name parameter
[warn]                 complete(response)
[warn]                          ^
[warn] /home/olzhas/IdeaProjects/Backend/src/main/scala/api/Router.scala:181:24: Block result was adapted via implicit conversion (method apply) taking a by-name parameter
[warn]               entity(as[CreateCategory]) { createCat =>
[warn]                        ^
[warn] /home/olzhas/IdeaProjects/Backend/src/main/scala/api/Router.scala:190:28: Block result was adapted via implicit conversion (method apply) taking a by-name parameter
[warn]                   complete(response)
[warn]                            ^
[warn] /home/olzhas/IdeaProjects/Backend/src/main/scala/api/Router.scala:206:28: Block result was adapted via implicit conversion (method apply) taking a by-name parameter
[warn]                   complete(response)
[warn]                            ^
[warn] /home/olzhas/IdeaProjects/Backend/src/main/scala/api/Router.scala:217:28: Block result was adapted via implicit conversion (method apply) taking a by-name parameter
[warn]                   complete(response)
[warn]                            ^
[warn] /home/olzhas/IdeaProjects/Backend/src/main/scala/api/Router.scala:224:28: Block result was adapted via implicit conversion (method apply) taking a by-name parameter
[warn]                   complete(response)
[warn]                            ^
[warn] /home/olzhas/IdeaProjects/Backend/src/main/scala/api/Router.scala:228:26: Block result was adapted via implicit conversion (method apply) taking a by-name parameter
[warn]                 entity(as[UpdateProduct]) { updateProduct=>
[warn]                          ^
[warn] /home/olzhas/IdeaProjects/Backend/src/main/scala/api/Router.scala:232:30: Block result was adapted via implicit conversion (method apply) taking a by-name parameter
[warn]                     complete(response)
[warn]                              ^
[warn] /home/olzhas/IdeaProjects/Backend/src/main/scala/api/Router.scala:243:26: Block result was adapted via implicit conversion (method apply) taking a by-name parameter
[warn]                 complete(response)
[warn]                          ^
[warn] /home/olzhas/IdeaProjects/Backend/src/main/scala/api/Router.scala:247:24: Block result was adapted via implicit conversion (method apply) taking a by-name parameter
[warn]               entity(as[NewProduct]) { newProduct =>
[warn]                        ^
[warn] /home/olzhas/IdeaProjects/Backend/src/main/scala/api/Router.scala:256:28: Block result was adapted via implicit conversion (method apply) taking a by-name parameter
[warn]                   complete(response)
[warn]                            ^
[warn] /home/olzhas/IdeaProjects/Backend/src/main/scala/node/Node.scala:96:9: match may not be exhaustive.
[warn] It would fail on the following input: (x: node.Node.Command forSome x not in (node.Node.AddProductToBasket, node.Node.Check, node.Node.Create, node.Node.DeleteAccount, node.Node.DeleteCategory, node.Node.DeleteProduct, node.Node.DeleteProductFromAccount, node.Node.FindProduct, node.Node.GetAccount, node.Node.GetAccounts, node.Node.GetCategories, node.Node.GetCategory, node.Node.GetProduct, node.Node.GetProducts, node.Node.GetToken, node.Node.NewCategory, node.Node.NewProduct, node.Node.UpdateCategory, node.Node.UpdateProduct))
[warn]         message match {
[warn]         ^
[warn] /home/olzhas/IdeaProjects/Backend/src/main/scala/repository/UserAccount.scala:222:5: match may not be exhaustive.
[warn] It would fail on the following input: (x: node.Node.Command forSome x not in (repository.UserAccount.AddCategory, repository.UserAccount.AddProduct, repository.UserAccount.AddToCart, repository.UserAccount.AddUser, repository.UserAccount.AdjustProduct, repository.UserAccount.AdjustUser, repository.UserAccount.Checkout, repository.UserAccount.CheckoutProduct, repository.UserAccount.DeleteFromCart, repository.UserAccount.GetCategories, repository.UserAccount.GetCategory, repository.UserAccount.GetProduct, repository.UserAccount.GetProducts, repository.UserAccount.GetToken, repository.UserAccount.GetUser, repository.UserAccount.GetUsers, repository.UserAccount.RemoveCategory, repository.UserAccount.RemoveProduct, repository.UserAccount.RemoveUser, repository.UserAccount.SearchProductByName, repository.UserAccount.UpdateCategory, repository.UserAccount.UpdateProduct))
[warn]     command match {
[warn]     ^
[warn] /home/olzhas/IdeaProjects/Backend/src/main/scala/repository/UserAccount.scala:444:5: match may not be exhaustive.
[warn] It would fail on the following input: (x: node.Node.Command forSome x not in (repository.UserAccount.AddProduct, repository.UserAccount.AddToCart, repository.UserAccount.AddUser, repository.UserAccount.AdjustProduct, repository.UserAccount.AdjustUser, repository.UserAccount.Checkout, repository.UserAccount.CheckoutProduct, repository.UserAccount.GetProduct, repository.UserAccount.GetProducts, repository.UserAccount.GetUser, repository.UserAccount.RemoveProduct, repository.UserAccount.RemoveUser))
[warn]     command match {
[warn]     ^
[warn] 44 warnings found
[info] done compiling
[error] Nonzero exit code: 1
[error] (Compile / run) Nonzero exit code: 1
[error] Total time: 49 s, completed 15.12.2020 3:33:12
[debug] > Exec(resumeFromFailure, None, None)
[debug] > Exec(sbtPopOnFailure, None, None)
[debug] > Exec(__postWatch console0, None, None)
[debug] > Exec(__waitWatch console0, None, None)
