[debug] > Exec(early(addDefaultCommands), None, None)
[debug] > Exec(addDefaultCommands, None, None)
[debug] > Exec(early(initialize), None, None)
[debug] > Exec(initialize, None, None)
[debug] > Exec(boot, None, None)
[debug] > Exec(writeSbtVersion, None, None)
[debug] > Exec(reload, None, None)
[debug] > Exec(sbtStashOnFailure, None, None)
[debug] > Exec(onFailure loadFailed, None, None)
[debug] > Exec(loadp, None, None)
[info] welcome to sbt 1.4.5 (Private Build Java 1.8.0_275)
[debug]       Load.loadUnit: plugins took 145.733106ms
[debug]       Load.loadUnit: defsScala took 0.818666ms
[debug] [Loading] Scanning directory /home/olzhas/.sbt/1.0/plugins
[debug] [Loading] Found non-root projects 
[debug] [Loading] Done in /home/olzhas/.sbt/1.0/plugins, returning: ()
[debug] deducing auto plugins based on known facts Set(Atom(sbt.plugins.CorePlugin)) and clauses Clauses(List(Clause(Atom(sbt.plugins.JvmPlugin),Set(Atom(sbt.plugins.IvyPlugin))), Clause(Atom(sbt.ScriptedPlugin),Set(Atom(sbt.plugins.JvmPlugin))), Clause(Atom(sbt.plugins.SbtPlugin),Set(Atom(sbt.ScriptedPlugin))), Clause(Atom(sbt.plugins.SemanticdbPlugin),Set(Atom(sbt.plugins.JvmPlugin))), Clause(Atom(sbt.plugins.JUnitXmlReportPlugin),Set(Atom(sbt.plugins.JvmPlugin))), Clause(Atom(sbt.plugins.MiniDependencyTreePlugin),Set(Atom(sbt.plugins.JvmPlugin))), Clause(Atom(sbt.plugins.CorePlugin),Set(Atom(sbt.plugins.IvyPlugin))), Clause(Atom(sbt.plugins.IvyPlugin),Set(Atom(sbt.plugins.JvmPlugin))), Clause(Atom(sbt.plugins.JvmPlugin),Set(Atom(sbt.plugins.SemanticdbPlugin))), Clause(Atom(sbt.plugins.JvmPlugin),Set(Atom(sbt.plugins.JUnitXmlReportPlugin))), Clause(Atom(sbt.plugins.CorePlugin),Set(Atom(sbt.plugins.Giter8TemplatePlugin))), Clause(Atom(sbt.plugins.JvmPlugin),Set(Atom(sbt.plugins.MiniDependencyTreePlugin)))))
[debug]   :: deduced result: Matched(sbt.plugins.CorePlugin,sbt.plugins.Giter8TemplatePlugin,sbt.plugins.IvyPlugin,sbt.plugins.JvmPlugin,sbt.plugins.MiniDependencyTreePlugin,sbt.plugins.JUnitXmlReportPlugin,sbt.plugins.SemanticdbPlugin)
[debug] Plugins.deducer#function took 196.782946 ms
[debug]           Load.resolveProject(global-plugins) took 89.925599ms
[debug]         Load.loadTransitive: finalizeProject(Project(id global-plugins, base: /home/olzhas/.sbt/1.0/plugins, plugins: List(<none>))) took 344.11078ms
[debug] [Loading] Done in /home/olzhas/.sbt/1.0/plugins, returning: (global-plugins)
[debug]       Load.loadUnit: loadedProjectsRaw took 384.539502ms
[debug]       Load.loadUnit: cleanEvalClasses took 0.560337ms
[debug]     Load.loadUnit(file:/home/olzhas/.sbt/1.0/plugins/, ...) took 545.946278ms
[debug]   Load.apply: load took 776.242066ms
[debug]   Load.apply: resolveProjects took 11.475645ms
[debug]   Load.apply: finalTransforms took 95.011265ms
[debug]   Load.apply: config.delegates took 12.156621ms
[debug]   Load.apply: Def.make(settings)... took 430.215628ms
[debug]   Load.apply: structureIndex took 101.890509ms
[debug]   Load.apply: mkStreams took 1.531772ms
[info] loading global plugins from /home/olzhas/.sbt/1.0/plugins
[debug] Running task... Cancel: Signal, check cycles: false, forcegc: true
[debug] Load.defaultLoad until apply took 3180.558933ms
[debug]           Load.loadUnit: plugins took 17.840387ms
[debug]           Load.loadUnit: defsScala took 0.004503ms
[debug] [Loading] Scanning directory /home/olzhas/IdeaProjects/Backend/project
[debug] [Loading] Found non-root projects 
[debug] [Loading] Done in /home/olzhas/IdeaProjects/Backend/project, returning: ()
[debug] deducing auto plugins based on known facts Set(Atom(sbt.plugins.CorePlugin)) and clauses Clauses(List(Clause(Atom(sbt.plugins.JvmPlugin),Set(Atom(sbt.plugins.IvyPlugin))), Clause(Atom(sbt.ScriptedPlugin),Set(Atom(sbt.plugins.JvmPlugin))), Clause(Atom(sbt.plugins.SbtPlugin),Set(Atom(sbt.ScriptedPlugin))), Clause(Atom(sbt.plugins.SemanticdbPlugin),Set(Atom(sbt.plugins.JvmPlugin))), Clause(Atom(sbt.plugins.JUnitXmlReportPlugin),Set(Atom(sbt.plugins.JvmPlugin))), Clause(Atom(sbt.plugins.MiniDependencyTreePlugin),Set(Atom(sbt.plugins.JvmPlugin))), Clause(Atom(sbt.plugins.CorePlugin),Set(Atom(sbt.plugins.IvyPlugin))), Clause(Atom(sbt.plugins.IvyPlugin),Set(Atom(sbt.plugins.JvmPlugin))), Clause(Atom(sbt.plugins.JvmPlugin),Set(Atom(sbt.plugins.SemanticdbPlugin))), Clause(Atom(sbt.plugins.JvmPlugin),Set(Atom(sbt.plugins.JUnitXmlReportPlugin))), Clause(Atom(sbt.plugins.CorePlugin),Set(Atom(sbt.plugins.Giter8TemplatePlugin))), Clause(Atom(sbt.plugins.JvmPlugin),Set(Atom(sbt.plugins.MiniDependencyTreePlugin)))))
[debug]   :: deduced result: Matched(sbt.plugins.CorePlugin,sbt.plugins.Giter8TemplatePlugin,sbt.plugins.IvyPlugin,sbt.plugins.JvmPlugin,sbt.plugins.MiniDependencyTreePlugin,sbt.plugins.JUnitXmlReportPlugin,sbt.plugins.SemanticdbPlugin)
[debug] Plugins.deducer#function took 2.888808 ms
[debug]               Load.resolveProject(backend-build) took 1.464233ms
[debug]             Load.loadTransitive: finalizeProject(Project(id backend-build, base: /home/olzhas/IdeaProjects/Backend/project, plugins: List(<none>))) took 5.097165ms
[debug] [Loading] Done in /home/olzhas/IdeaProjects/Backend/project, returning: (backend-build)
[debug]           Load.loadUnit: loadedProjectsRaw took 7.981663ms
[debug]           Load.loadUnit: cleanEvalClasses took 0.013864ms
[debug]         Load.loadUnit(file:/home/olzhas/IdeaProjects/Backend/project/, ...) took 26.842315ms
[debug]       Load.apply: load took 28.174544ms
[debug]       Load.apply: resolveProjects took 0.134092ms
[debug]       Load.apply: finalTransforms took 16.355869ms
[debug]       Load.apply: config.delegates took 0.593002ms
[debug]       Load.apply: Def.make(settings)... took 93.963235ms
[debug]       Load.apply: structureIndex took 37.131829ms
[debug]       Load.apply: mkStreams took 0.003623ms
[info] loading project definition from /home/olzhas/IdeaProjects/Backend/project
[debug] Running task... Cancel: Signal, check cycles: false, forcegc: true
[debug]     Load.loadUnit: plugins took 344.16156ms
[debug]     Load.loadUnit: defsScala took 0.003482ms
[debug] [Loading] Scanning directory /home/olzhas/IdeaProjects/Backend
[debug]       Load.loadUnit: mkEval took 6.844728ms
[debug] [Loading] Found non-root projects 
[debug] [Loading] Done in /home/olzhas/IdeaProjects/Backend, returning: ()
[debug] deducing auto plugins based on known facts Set(Atom(sbt.plugins.CorePlugin)) and clauses Clauses(List(Clause(Atom(sbt.plugins.JvmPlugin),Set(Atom(sbt.plugins.IvyPlugin))), Clause(Atom(sbt.ScriptedPlugin),Set(Atom(sbt.plugins.JvmPlugin))), Clause(Atom(sbt.plugins.SbtPlugin),Set(Atom(sbt.ScriptedPlugin))), Clause(Atom(sbt.plugins.SemanticdbPlugin),Set(Atom(sbt.plugins.JvmPlugin))), Clause(Atom(sbt.plugins.JUnitXmlReportPlugin),Set(Atom(sbt.plugins.JvmPlugin))), Clause(Atom(sbt.plugins.MiniDependencyTreePlugin),Set(Atom(sbt.plugins.JvmPlugin))), Clause(Atom(sbt.plugins.CorePlugin),Set(Atom(sbt.plugins.IvyPlugin))), Clause(Atom(sbt.plugins.IvyPlugin),Set(Atom(sbt.plugins.JvmPlugin))), Clause(Atom(sbt.plugins.JvmPlugin),Set(Atom(sbt.plugins.SemanticdbPlugin))), Clause(Atom(sbt.plugins.JvmPlugin),Set(Atom(sbt.plugins.JUnitXmlReportPlugin))), Clause(Atom(sbt.plugins.CorePlugin),Set(Atom(sbt.plugins.Giter8TemplatePlugin))), Clause(Atom(sbt.plugins.JvmPlugin),Set(Atom(sbt.plugins.MiniDependencyTreePlugin)))))
[debug]   :: deduced result: Matched(sbt.plugins.CorePlugin,sbt.plugins.Giter8TemplatePlugin,sbt.plugins.IvyPlugin,sbt.plugins.JvmPlugin,sbt.plugins.MiniDependencyTreePlugin,sbt.plugins.JUnitXmlReportPlugin,sbt.plugins.SemanticdbPlugin)
[debug] Plugins.deducer#function took 1.525658 ms
[info] loading settings for project backend from build.sbt ...
[debug]         Load.resolveProject(backend) took 2.385233ms
[debug]       Load.loadTransitive: finalizeProject(Project(id backend, base: /home/olzhas/IdeaProjects/Backend, plugins: List(<none>))) took 4.425154ms
[debug] [Loading] Done in /home/olzhas/IdeaProjects/Backend, returning: (backend)
[debug]     Load.loadUnit: loadedProjectsRaw took 233.140023ms
[debug]     Load.loadUnit: cleanEvalClasses took 5.15592ms
[debug]   Load.loadUnit(file:/home/olzhas/IdeaProjects/Backend/, ...) took 583.184424ms
[debug] Load.apply: load took 584.638302ms
[debug] Load.apply: resolveProjects took 0.131535ms
[debug] Load.apply: finalTransforms took 6.274177ms
[debug] Load.apply: config.delegates took 0.36957ms
[debug] Load.apply: Def.make(settings)... took 91.119649ms
[debug] Load.apply: structureIndex took 27.083665ms
[debug] Load.apply: mkStreams took 0.002997ms
[info] set current project to Backend (in build file:/home/olzhas/IdeaProjects/Backend/)
[debug] > Exec(sbtPopOnFailure, None, None)
[debug] > Exec(resumeFromFailure, None, None)
[debug] > Exec(notifyUsersAboutShell, None, None)
[debug] > Exec(iflast shell, None, None)
[debug] > Exec(~run, None, None)
[info] sbt server started at local:///home/olzhas/.sbt/1.0/server/4ad2a33bb3d4bb9af9ee/sock
[info] started sbt server
[debug] > Exec(__runWatch console0, None, None)
[debug] > Exec(sbtStashOnFailure, None, None)
[debug] > Exec(__preWatch console0, None, None)
[debug] > Exec(run, None, None)
[debug] Evaluating tasks: Compile / run
[debug] Running task... Cancel: Signal, check cycles: false, forcegc: true
[info] compiling 9 Scala sources to /home/olzhas/IdeaProjects/Backend/target/scala-2.13/classes ...
[warn] /home/olzhas/IdeaProjects/Backend/src/main/scala/Main.scala:14:18: local val log in method main is never used
[warn]     implicit val log: Logger = LoggerFactory.getLogger(getClass)
[warn]                  ^
[warn] /home/olzhas/IdeaProjects/Backend/src/main/scala/api/Router.scala:8:20: Unused import
[warn] import repository.{ApiError, BookNotFound, UsersDirectives}
[warn]                    ^
[warn] /home/olzhas/IdeaProjects/Backend/src/main/scala/api/Router.scala:8:30: Unused import
[warn] import repository.{ApiError, BookNotFound, UsersDirectives}
[warn]                              ^
[warn] /home/olzhas/IdeaProjects/Backend/src/main/scala/api/Router.scala:19:81: parameter value ex in class NodeRouter is never used
[warn] class NodeRouter( node:ActorRef[Node.Command])(implicit system: ActorSystem[_], ex:ExecutionContext)
[warn]                                                                                 ^
[warn] /home/olzhas/IdeaProjects/Backend/src/main/scala/node/Node.scala:92:20: local method system in value $anonfun is never used
[warn]       implicit def system: ActorSystem[Nothing] = context.system
[warn]                    ^
[warn] /home/olzhas/IdeaProjects/Backend/src/main/scala/node/Node.scala:94:20: local method scheduler in value $anonfun is never used
[warn]       implicit def scheduler: Scheduler = context.system.scheduler
[warn]                    ^
[warn] /home/olzhas/IdeaProjects/Backend/src/main/scala/node/Node.scala:96:25: local val timeout in value $anonfun is never used
[warn]       implicit lazy val timeout: Timeout = Timeout(5.seconds)
[warn]                         ^
[warn] /home/olzhas/IdeaProjects/Backend/src/main/scala/repository/UsersAccount.scala:29:11: local var newBookList in method addToCart is never updated: consider using immutable val
[warn]       var newBookList = user.products :+ getBookById(productId)
[warn]           ^
[warn] /home/olzhas/IdeaProjects/Backend/src/main/scala/repository/UsersAccount.scala:30:11: local var changedUser in method addToCart is never updated: consider using immutable val
[warn]       var changedUser = user.copy(products=newBookList)
[warn]           ^
[warn] /home/olzhas/IdeaProjects/Backend/src/main/scala/repository/UsersAccount.scala:34:12: local var newBookList in method deleteFromCart is never updated: consider using immutable val
[warn]        var newBookList = user.products.filter(product => (product.id != productId))
[warn]            ^
[warn] /home/olzhas/IdeaProjects/Backend/src/main/scala/repository/UsersAccount.scala:35:12: local var changedUser in method deleteFromCart is never updated: consider using immutable val
[warn]        var changedUser = user.copy(products=newBookList)
[warn]            ^
[warn] /home/olzhas/IdeaProjects/Backend/src/main/scala/repository/UsersRepository.scala:5:21: Unused import
[warn] import UsersAccount._
[warn]                     ^
[warn] /home/olzhas/IdeaProjects/Backend/src/main/scala/repository/UsersRepository.scala:32:15: private var cnt in class InMemoryRepository is never used
[warn]   private var cnt: Int = 0
[warn]               ^
[warn] /home/olzhas/IdeaProjects/Backend/src/main/scala/repository/UsersRepository.scala:142:15: private method apply in object ApiError is never used
[warn]   private def apply(statusCode: StatusCode, message: String): ApiError = new ApiError(statusCode, message)
[warn]               ^
[warn] /home/olzhas/IdeaProjects/Backend/src/main/scala/repository/UsersRepository.scala:28:36: parameter value ex in class InMemoryRepository is never used
[warn]                         (implicit  ex:ExecutionContext) extends UsersRepository {
[warn]                                    ^
[warn] /home/olzhas/IdeaProjects/Backend/src/main/scala/api/Router.scala:33:22: Block result was adapted via implicit conversion (method apply) taking a by-name parameter
[warn]             complete(response)
[warn]                      ^
[warn] /home/olzhas/IdeaProjects/Backend/src/main/scala/api/Router.scala:39:20: Block result was adapted via implicit conversion (method apply) taking a by-name parameter
[warn]           entity(as[PostText]) { token =>
[warn]                    ^
[warn] /home/olzhas/IdeaProjects/Backend/src/main/scala/api/Router.scala:45:24: Block result was adapted via implicit conversion (method apply) taking a by-name parameter
[warn]               complete(token)
[warn]                        ^
[warn] /home/olzhas/IdeaProjects/Backend/src/main/scala/api/Router.scala:52:20: Block result was adapted via implicit conversion (method apply) taking a by-name parameter
[warn]           entity(as[NewUser]) { newUser =>
[warn]                    ^
[warn] /home/olzhas/IdeaProjects/Backend/src/main/scala/api/Router.scala:61:24: Block result was adapted via implicit conversion (method apply) taking a by-name parameter
[warn]               complete(response)
[warn]                        ^
[warn] /home/olzhas/IdeaProjects/Backend/src/main/scala/api/Router.scala:69:22: Block result was adapted via implicit conversion (method apply) taking a by-name parameter
[warn]             entity(as[AddProductToBasket]) { updateUser =>
[warn]                      ^
[warn] /home/olzhas/IdeaProjects/Backend/src/main/scala/api/Router.scala:73:26: Block result was adapted via implicit conversion (method apply) taking a by-name parameter
[warn]                 complete(response)
[warn]                          ^
[warn] /home/olzhas/IdeaProjects/Backend/src/main/scala/api/Router.scala:78:22: Block result was adapted via implicit conversion (method apply) taking a by-name parameter
[warn]             entity(as[AddProductToBasket]) { updateUser =>
[warn]                      ^
[warn] /home/olzhas/IdeaProjects/Backend/src/main/scala/api/Router.scala:82:26: Block result was adapted via implicit conversion (method apply) taking a by-name parameter
[warn]                 complete(response)
[warn]                          ^
[warn] /home/olzhas/IdeaProjects/Backend/src/main/scala/api/Router.scala:96:28: Block result was adapted via implicit conversion (method apply) taking a by-name parameter
[warn]                   complete(response)
[warn]                            ^
[warn] /home/olzhas/IdeaProjects/Backend/src/main/scala/api/Router.scala:103:28: Block result was adapted via implicit conversion (method apply) taking a by-name parameter
[warn]                   complete(response)
[warn]                            ^
[warn] /home/olzhas/IdeaProjects/Backend/src/main/scala/api/Router.scala:107:26: Block result was adapted via implicit conversion (method apply) taking a by-name parameter
[warn]                 entity(as[AddProductToBasket]) { updateUser =>
[warn]                          ^
[warn] /home/olzhas/IdeaProjects/Backend/src/main/scala/api/Router.scala:111:30: Block result was adapted via implicit conversion (method apply) taking a by-name parameter
[warn]                     complete(response)
[warn]                              ^
[warn] /home/olzhas/IdeaProjects/Backend/src/main/scala/api/Router.scala:121:24: Block result was adapted via implicit conversion (method apply) taking a by-name parameter
[warn]               complete(response)
[warn]                        ^
[warn] /home/olzhas/IdeaProjects/Backend/src/main/scala/api/Router.scala:125:22: Block result was adapted via implicit conversion (method apply) taking a by-name parameter
[warn]             entity(as[NewUser]) { createUser =>
[warn]                      ^
[warn] /home/olzhas/IdeaProjects/Backend/src/main/scala/api/Router.scala:134:26: Block result was adapted via implicit conversion (method apply) taking a by-name parameter
[warn]                 complete(response)
[warn]                          ^
[warn] /home/olzhas/IdeaProjects/Backend/src/main/scala/api/Router.scala:149:28: Block result was adapted via implicit conversion (method apply) taking a by-name parameter
[warn]                   complete(response)
[warn]                            ^
[warn] /home/olzhas/IdeaProjects/Backend/src/main/scala/api/Router.scala:156:28: Block result was adapted via implicit conversion (method apply) taking a by-name parameter
[warn]                   complete(response)
[warn]                            ^
[warn] /home/olzhas/IdeaProjects/Backend/src/main/scala/api/Router.scala:160:26: Block result was adapted via implicit conversion (method apply) taking a by-name parameter
[warn]                 entity(as[UpdateCategory]) { updateCat =>
[warn]                          ^
[warn] /home/olzhas/IdeaProjects/Backend/src/main/scala/api/Router.scala:164:30: Block result was adapted via implicit conversion (method apply) taking a by-name parameter
[warn]                     complete(response)
[warn]                              ^
[warn] /home/olzhas/IdeaProjects/Backend/src/main/scala/api/Router.scala:175:26: Block result was adapted via implicit conversion (method apply) taking a by-name parameter
[warn]                 complete(response)
[warn]                          ^
[warn] /home/olzhas/IdeaProjects/Backend/src/main/scala/api/Router.scala:179:24: Block result was adapted via implicit conversion (method apply) taking a by-name parameter
[warn]               entity(as[CreateCategory]) { createCat =>
[warn]                        ^
[warn] /home/olzhas/IdeaProjects/Backend/src/main/scala/api/Router.scala:188:28: Block result was adapted via implicit conversion (method apply) taking a by-name parameter
[warn]                   complete(response)
[warn]                            ^
[warn] /home/olzhas/IdeaProjects/Backend/src/main/scala/api/Router.scala:204:28: Block result was adapted via implicit conversion (method apply) taking a by-name parameter
[warn]                   complete(response)
[warn]                            ^
[warn] /home/olzhas/IdeaProjects/Backend/src/main/scala/api/Router.scala:215:28: Block result was adapted via implicit conversion (method apply) taking a by-name parameter
[warn]                   complete(response)
[warn]                            ^
[warn] /home/olzhas/IdeaProjects/Backend/src/main/scala/api/Router.scala:222:28: Block result was adapted via implicit conversion (method apply) taking a by-name parameter
[warn]                   complete(response)
[warn]                            ^
[warn] /home/olzhas/IdeaProjects/Backend/src/main/scala/api/Router.scala:226:26: Block result was adapted via implicit conversion (method apply) taking a by-name parameter
[warn]                 entity(as[UpdateProduct]) { updateBook=>
[warn]                          ^
[warn] /home/olzhas/IdeaProjects/Backend/src/main/scala/api/Router.scala:230:30: Block result was adapted via implicit conversion (method apply) taking a by-name parameter
[warn]                     complete(response)
[warn]                              ^
[warn] /home/olzhas/IdeaProjects/Backend/src/main/scala/api/Router.scala:241:26: Block result was adapted via implicit conversion (method apply) taking a by-name parameter
[warn]                 complete(response)
[warn]                          ^
[warn] /home/olzhas/IdeaProjects/Backend/src/main/scala/api/Router.scala:245:24: Block result was adapted via implicit conversion (method apply) taking a by-name parameter
[warn]               entity(as[newProduct]) { createBook =>
[warn]                        ^
[warn] /home/olzhas/IdeaProjects/Backend/src/main/scala/api/Router.scala:254:28: Block result was adapted via implicit conversion (method apply) taking a by-name parameter
[warn]                   complete(response)
[warn]                            ^
[warn] /home/olzhas/IdeaProjects/Backend/src/main/scala/node/Node.scala:101:9: match may not be exhaustive.
[warn] It would fail on the following input: (x: node.Node.Command forSome x not in (node.Node.AddProductToBasket, node.Node.Check, node.Node.Create, node.Node.DeleteAccount, node.Node.DeleteCategory, node.Node.DeleteProduct, node.Node.DeleteProductFromAccount, node.Node.FindProduct, node.Node.GetAccount, node.Node.GetAccounts, node.Node.GetCategories, node.Node.GetCategory, node.Node.GetProduct, node.Node.GetProducts, node.Node.GetToken, node.Node.NewCategory, node.Node.NewProduct, node.Node.UpdateCategory, node.Node.UpdateProduct))
[warn]         message match {
[warn]         ^
[warn] /home/olzhas/IdeaProjects/Backend/src/main/scala/repository/UsersAccount.scala:223:5: match may not be exhaustive.
[warn] It would fail on the following input: (x: node.Node.Command forSome x not in (repository.UsersAccount.AddCategory, repository.UsersAccount.AddProduct, repository.UsersAccount.AddToCart, repository.UsersAccount.AddUser, repository.UsersAccount.AdjustProduct, repository.UsersAccount.AdjustUser, repository.UsersAccount.Checkout, repository.UsersAccount.CheckoutBook, repository.UsersAccount.DeleteFromCart, repository.UsersAccount.GetCategories, repository.UsersAccount.GetCategory, repository.UsersAccount.GetProduct, repository.UsersAccount.GetProducts, repository.UsersAccount.GetToken, repository.UsersAccount.GetUser, repository.UsersAccount.GetUsers, repository.UsersAccount.RemoveCategory, repository.UsersAccount.RemoveProduct, repository.UsersAccount.RemoveUser, repository.UsersAccount.SearchBookByName, repository.UsersAccount.UpdateCategory, repository.UsersAccount.UpdateProduct))
[warn]     command match {
[warn]     ^
[warn] /home/olzhas/IdeaProjects/Backend/src/main/scala/repository/UsersAccount.scala:445:5: match may not be exhaustive.
[warn] It would fail on the following input: (x: node.Node.Command forSome x not in (repository.UsersAccount.AddProduct, repository.UsersAccount.AddToCart, repository.UsersAccount.AddUser, repository.UsersAccount.AdjustProduct, repository.UsersAccount.AdjustUser, repository.UsersAccount.Checkout, repository.UsersAccount.CheckoutBook, repository.UsersAccount.GetProduct, repository.UsersAccount.GetProducts, repository.UsersAccount.GetUser, repository.UsersAccount.RemoveProduct, repository.UsersAccount.RemoveUser))
[warn]     command match {
[warn]     ^
[warn] /home/olzhas/IdeaProjects/Backend/src/main/scala/repository/UsersRepository.scala:50:11: match may not be exhaustive.
[warn] It would fail on the following input: None
[warn]           book_tmp match {
[warn]           ^
[warn] /home/olzhas/IdeaProjects/Backend/src/main/scala/repository/UsersRepository.scala:129:96: match may not be exhaustive.
[warn] It would fail on the following input: Failure(_)
[warn]   def handle[T](f: Future[T])(e: Throwable => ApiError): Directive1[T] = onComplete(f) flatMap {
[warn]                                                                                                ^
[warn] 51 warnings found
[info] done compiling
