[debug] > Exec(early(addDefaultCommands), None, None)
[debug] > Exec(addDefaultCommands, None, None)
[debug] > Exec(early(initialize), None, None)
[debug] > Exec(initialize, None, None)
[debug] > Exec(boot, None, None)
[debug] > Exec(writeSbtVersion, None, None)
[debug] > Exec(reload, None, None)
[debug] > Exec(sbtStashOnFailure, None, None)
[debug] > Exec(onFailure loadFailed, None, None)
[debug] > Exec(loadp, None, None)
[info] welcome to sbt 1.4.5 (Private Build Java 1.8.0_275)
[debug]       Load.loadUnit: plugins took 174.656299ms
[debug]       Load.loadUnit: defsScala took 0.781749ms
[debug] [Loading] Scanning directory /home/olzhas/.sbt/1.0/plugins
[debug] [Loading] Found non-root projects 
[debug] [Loading] Done in /home/olzhas/.sbt/1.0/plugins, returning: ()
[debug] deducing auto plugins based on known facts Set(Atom(sbt.plugins.CorePlugin)) and clauses Clauses(List(Clause(Atom(sbt.plugins.JvmPlugin),Set(Atom(sbt.plugins.IvyPlugin))), Clause(Atom(sbt.ScriptedPlugin),Set(Atom(sbt.plugins.JvmPlugin))), Clause(Atom(sbt.plugins.SbtPlugin),Set(Atom(sbt.ScriptedPlugin))), Clause(Atom(sbt.plugins.SemanticdbPlugin),Set(Atom(sbt.plugins.JvmPlugin))), Clause(Atom(sbt.plugins.JUnitXmlReportPlugin),Set(Atom(sbt.plugins.JvmPlugin))), Clause(Atom(sbt.plugins.MiniDependencyTreePlugin),Set(Atom(sbt.plugins.JvmPlugin))), Clause(Atom(sbt.plugins.CorePlugin),Set(Atom(sbt.plugins.IvyPlugin))), Clause(Atom(sbt.plugins.IvyPlugin),Set(Atom(sbt.plugins.JvmPlugin))), Clause(Atom(sbt.plugins.JvmPlugin),Set(Atom(sbt.plugins.SemanticdbPlugin))), Clause(Atom(sbt.plugins.JvmPlugin),Set(Atom(sbt.plugins.JUnitXmlReportPlugin))), Clause(Atom(sbt.plugins.CorePlugin),Set(Atom(sbt.plugins.Giter8TemplatePlugin))), Clause(Atom(sbt.plugins.JvmPlugin),Set(Atom(sbt.plugins.MiniDependencyTreePlugin)))))
[debug]   :: deduced result: Matched(sbt.plugins.CorePlugin,sbt.plugins.Giter8TemplatePlugin,sbt.plugins.IvyPlugin,sbt.plugins.JvmPlugin,sbt.plugins.MiniDependencyTreePlugin,sbt.plugins.JUnitXmlReportPlugin,sbt.plugins.SemanticdbPlugin)
[debug] Plugins.deducer#function took 52.270612 ms
[debug]           Load.resolveProject(global-plugins) took 87.799309ms
[debug]         Load.loadTransitive: finalizeProject(Project(id global-plugins, base: /home/olzhas/.sbt/1.0/plugins, plugins: List(<none>))) took 451.792854ms
[debug] [Loading] Done in /home/olzhas/.sbt/1.0/plugins, returning: (global-plugins)
[debug]       Load.loadUnit: loadedProjectsRaw took 522.012783ms
[debug]       Load.loadUnit: cleanEvalClasses took 0.703792ms
[debug]     Load.loadUnit(file:/home/olzhas/.sbt/1.0/plugins/, ...) took 728.953976ms
[debug]   Load.apply: load took 1030.402341ms
[debug]   Load.apply: resolveProjects took 10.849322ms
[debug]   Load.apply: finalTransforms took 116.822262ms
[debug]   Load.apply: config.delegates took 13.155872ms
[debug]   Load.apply: Def.make(settings)... took 889.065154ms
[debug]   Load.apply: structureIndex took 143.92574ms
[debug]   Load.apply: mkStreams took 2.373592ms
[info] loading global plugins from /home/olzhas/.sbt/1.0/plugins
[debug] Running task... Cancel: Signal, check cycles: false, forcegc: true
[debug] Load.defaultLoad until apply took 4644.489832ms
[debug]           Load.loadUnit: plugins took 32.528432ms
[debug]           Load.loadUnit: defsScala took 0.004708ms
[debug] [Loading] Scanning directory /home/olzhas/IdeaProjects/Backend/project
[debug] [Loading] Found non-root projects 
[debug] [Loading] Done in /home/olzhas/IdeaProjects/Backend/project, returning: ()
[debug] deducing auto plugins based on known facts Set(Atom(sbt.plugins.CorePlugin)) and clauses Clauses(List(Clause(Atom(sbt.plugins.JvmPlugin),Set(Atom(sbt.plugins.IvyPlugin))), Clause(Atom(sbt.ScriptedPlugin),Set(Atom(sbt.plugins.JvmPlugin))), Clause(Atom(sbt.plugins.SbtPlugin),Set(Atom(sbt.ScriptedPlugin))), Clause(Atom(sbt.plugins.SemanticdbPlugin),Set(Atom(sbt.plugins.JvmPlugin))), Clause(Atom(sbt.plugins.JUnitXmlReportPlugin),Set(Atom(sbt.plugins.JvmPlugin))), Clause(Atom(sbt.plugins.MiniDependencyTreePlugin),Set(Atom(sbt.plugins.JvmPlugin))), Clause(Atom(sbt.plugins.CorePlugin),Set(Atom(sbt.plugins.IvyPlugin))), Clause(Atom(sbt.plugins.IvyPlugin),Set(Atom(sbt.plugins.JvmPlugin))), Clause(Atom(sbt.plugins.JvmPlugin),Set(Atom(sbt.plugins.SemanticdbPlugin))), Clause(Atom(sbt.plugins.JvmPlugin),Set(Atom(sbt.plugins.JUnitXmlReportPlugin))), Clause(Atom(sbt.plugins.CorePlugin),Set(Atom(sbt.plugins.Giter8TemplatePlugin))), Clause(Atom(sbt.plugins.JvmPlugin),Set(Atom(sbt.plugins.MiniDependencyTreePlugin)))))
[debug]   :: deduced result: Matched(sbt.plugins.CorePlugin,sbt.plugins.Giter8TemplatePlugin,sbt.plugins.IvyPlugin,sbt.plugins.JvmPlugin,sbt.plugins.MiniDependencyTreePlugin,sbt.plugins.JUnitXmlReportPlugin,sbt.plugins.SemanticdbPlugin)
[debug] Plugins.deducer#function took 2.992624 ms
[debug]               Load.resolveProject(backend-build) took 1.480032ms
[debug]             Load.loadTransitive: finalizeProject(Project(id backend-build, base: /home/olzhas/IdeaProjects/Backend/project, plugins: List(<none>))) took 5.217292ms
[debug] [Loading] Done in /home/olzhas/IdeaProjects/Backend/project, returning: (backend-build)
[debug]           Load.loadUnit: loadedProjectsRaw took 7.677226ms
[debug]           Load.loadUnit: cleanEvalClasses took 0.011868ms
[debug]         Load.loadUnit(file:/home/olzhas/IdeaProjects/Backend/project/, ...) took 41.149555ms
[debug]       Load.apply: load took 42.489762ms
[debug]       Load.apply: resolveProjects took 0.146878ms
[debug]       Load.apply: finalTransforms took 11.173007ms
[debug]       Load.apply: config.delegates took 0.468378ms
[debug]       Load.apply: Def.make(settings)... took 98.284436ms
[debug]       Load.apply: structureIndex took 31.279502ms
[debug]       Load.apply: mkStreams took 0.002967ms
[info] loading project definition from /home/olzhas/IdeaProjects/Backend/project
[debug] Running task... Cancel: Signal, check cycles: false, forcegc: true
[debug]     Load.loadUnit: plugins took 516.393276ms
[debug]     Load.loadUnit: defsScala took 0.010377ms
[debug] [Loading] Scanning directory /home/olzhas/IdeaProjects/Backend
[debug]       Load.loadUnit: mkEval took 19.954496ms
[debug] [Loading] Found non-root projects 
[debug] [Loading] Done in /home/olzhas/IdeaProjects/Backend, returning: ()
[debug] deducing auto plugins based on known facts Set(Atom(sbt.plugins.CorePlugin)) and clauses Clauses(List(Clause(Atom(sbt.plugins.JvmPlugin),Set(Atom(sbt.plugins.IvyPlugin))), Clause(Atom(sbt.ScriptedPlugin),Set(Atom(sbt.plugins.JvmPlugin))), Clause(Atom(sbt.plugins.SbtPlugin),Set(Atom(sbt.ScriptedPlugin))), Clause(Atom(sbt.plugins.SemanticdbPlugin),Set(Atom(sbt.plugins.JvmPlugin))), Clause(Atom(sbt.plugins.JUnitXmlReportPlugin),Set(Atom(sbt.plugins.JvmPlugin))), Clause(Atom(sbt.plugins.MiniDependencyTreePlugin),Set(Atom(sbt.plugins.JvmPlugin))), Clause(Atom(sbt.plugins.CorePlugin),Set(Atom(sbt.plugins.IvyPlugin))), Clause(Atom(sbt.plugins.IvyPlugin),Set(Atom(sbt.plugins.JvmPlugin))), Clause(Atom(sbt.plugins.JvmPlugin),Set(Atom(sbt.plugins.SemanticdbPlugin))), Clause(Atom(sbt.plugins.JvmPlugin),Set(Atom(sbt.plugins.JUnitXmlReportPlugin))), Clause(Atom(sbt.plugins.CorePlugin),Set(Atom(sbt.plugins.Giter8TemplatePlugin))), Clause(Atom(sbt.plugins.JvmPlugin),Set(Atom(sbt.plugins.MiniDependencyTreePlugin)))))
[debug]   :: deduced result: Matched(sbt.plugins.CorePlugin,sbt.plugins.Giter8TemplatePlugin,sbt.plugins.IvyPlugin,sbt.plugins.JvmPlugin,sbt.plugins.MiniDependencyTreePlugin,sbt.plugins.JUnitXmlReportPlugin,sbt.plugins.SemanticdbPlugin)
[debug] Plugins.deducer#function took 1.958113 ms
[info] loading settings for project backend from build.sbt ...
[debug]         Load.resolveProject(backend) took 2.801828ms
[debug]       Load.loadTransitive: finalizeProject(Project(id backend, base: /home/olzhas/IdeaProjects/Backend, plugins: List(<none>))) took 5.351672ms
[debug] [Loading] Done in /home/olzhas/IdeaProjects/Backend, returning: (backend)
[debug]     Load.loadUnit: loadedProjectsRaw took 316.923437ms
[debug]     Load.loadUnit: cleanEvalClasses took 5.318525ms
[debug]   Load.loadUnit(file:/home/olzhas/IdeaProjects/Backend/, ...) took 840.119932ms
[debug] Load.apply: load took 841.344167ms
[debug] Load.apply: resolveProjects took 0.157348ms
[debug] Load.apply: finalTransforms took 8.021995ms
[debug] Load.apply: config.delegates took 0.438196ms
[debug] Load.apply: Def.make(settings)... took 83.268648ms
[debug] Load.apply: structureIndex took 30.646136ms
[debug] Load.apply: mkStreams took 0.003241ms
[info] set current project to Backend (in build file:/home/olzhas/IdeaProjects/Backend/)
[debug] > Exec(sbtPopOnFailure, None, None)
[debug] > Exec(resumeFromFailure, None, None)
[debug] > Exec(notifyUsersAboutShell, None, None)
[debug] > Exec(iflast shell, None, None)
[debug] > Exec(~run, None, None)
[info] sbt server started at local:///home/olzhas/.sbt/1.0/server/4ad2a33bb3d4bb9af9ee/sock
[info] started sbt server
[debug] > Exec(__runWatch console0, None, None)
[debug] > Exec(sbtStashOnFailure, None, None)
[debug] > Exec(__preWatch console0, None, None)
[debug] > Exec(run, None, None)
[debug] Evaluating tasks: Compile / run
[debug] Running task... Cancel: Signal, check cycles: false, forcegc: true
[info] compiling 10 Scala sources to /home/olzhas/IdeaProjects/Backend/target/scala-2.13/classes ...
[warn] /home/olzhas/IdeaProjects/Backend/src/main/scala/Main.scala:7:14: Unused import
[warn] import model._
[warn]              ^
[warn] /home/olzhas/IdeaProjects/Backend/src/main/scala/Main.scala:16:18: local val log in method main is never used
[warn]     implicit val log: Logger = LoggerFactory.getLogger(getClass)
[warn]                  ^
[warn] /home/olzhas/IdeaProjects/Backend/src/main/scala/api/Router.scala:11:20: Unused import
[warn] import repository.{ApiError, BookNotFound, UsersDirectives}
[warn]                    ^
[warn] /home/olzhas/IdeaProjects/Backend/src/main/scala/api/Router.scala:11:30: Unused import
[warn] import repository.{ApiError, BookNotFound, UsersDirectives}
[warn]                              ^
[warn] /home/olzhas/IdeaProjects/Backend/src/main/scala/api/Router.scala:22:81: parameter value ex in class NodeRouter is never used
[warn] class NodeRouter( node:ActorRef[Node.Command])(implicit system: ActorSystem[_], ex:ExecutionContext)
[warn]                                                                                 ^
[warn] /home/olzhas/IdeaProjects/Backend/src/main/scala/node/Node.scala:105:20: local method system in value $anonfun is never used
[warn]       implicit def system: ActorSystem[Nothing] = context.system
[warn]                    ^
[warn] /home/olzhas/IdeaProjects/Backend/src/main/scala/node/Node.scala:107:20: local method scheduler in value $anonfun is never used
[warn]       implicit def scheduler: Scheduler = context.system.scheduler
[warn]                    ^
[warn] /home/olzhas/IdeaProjects/Backend/src/main/scala/node/Node.scala:109:25: local val timeout in value $anonfun is never used
[warn]       implicit lazy val timeout: Timeout = Timeout(5.seconds)
[warn]                         ^
[warn] /home/olzhas/IdeaProjects/Backend/src/main/scala/repository/UsersAccount.scala:29:11: local var newBookList in method addToCart is never updated: consider using immutable val
[warn]       var newBookList = user.books :+ getBookById(bookId)
[warn]           ^
[warn] /home/olzhas/IdeaProjects/Backend/src/main/scala/repository/UsersAccount.scala:30:11: local var changedUser in method addToCart is never updated: consider using immutable val
[warn]       var changedUser = user.copy(books=newBookList)
[warn]           ^
[warn] /home/olzhas/IdeaProjects/Backend/src/main/scala/repository/UsersAccount.scala:34:12: local var newBookList in method deleteFromCart is never updated: consider using immutable val
[warn]        var newBookList = user.books.filter(book => (book.id != bookId))
[warn]            ^
[warn] /home/olzhas/IdeaProjects/Backend/src/main/scala/repository/UsersAccount.scala:35:12: local var changedUser in method deleteFromCart is never updated: consider using immutable val
[warn]        var changedUser = user.copy(books=newBookList)
[warn]            ^
[warn] /home/olzhas/IdeaProjects/Backend/src/main/scala/repository/UsersRepository.scala:5:21: Unused import
[warn] import UsersAccount._
[warn]                     ^
[warn] /home/olzhas/IdeaProjects/Backend/src/main/scala/repository/UsersRepository.scala:141:15: private method apply in object ApiError is never used
[warn]   private def apply(statusCode: StatusCode, message: String): ApiError = new ApiError(statusCode, message)
[warn]               ^
[warn] /home/olzhas/IdeaProjects/Backend/src/main/scala/repository/UsersRepository.scala:28:36: parameter value ex in class InMemoryRepository is never used
[warn]                         (implicit  ex:ExecutionContext) extends UsersRepository {
[warn]                                    ^
[warn] /home/olzhas/IdeaProjects/Backend/src/main/scala/api/Router.scala:36:22: Block result was adapted via implicit conversion (method apply) taking a by-name parameter
[warn]             complete(response)
[warn]                      ^
[warn] /home/olzhas/IdeaProjects/Backend/src/main/scala/api/Router.scala:42:20: Block result was adapted via implicit conversion (method apply) taking a by-name parameter
[warn]           entity(as[PostText]) { token =>
[warn]                    ^
[warn] /home/olzhas/IdeaProjects/Backend/src/main/scala/api/Router.scala:48:24: Block result was adapted via implicit conversion (method apply) taking a by-name parameter
[warn]               complete(token)
[warn]                        ^
[warn] /home/olzhas/IdeaProjects/Backend/src/main/scala/api/Router.scala:55:20: Block result was adapted via implicit conversion (method apply) taking a by-name parameter
[warn]           entity(as[CreateUser]) { createUser =>
[warn]                    ^
[warn] /home/olzhas/IdeaProjects/Backend/src/main/scala/api/Router.scala:63:24: Block result was adapted via implicit conversion (method apply) taking a by-name parameter
[warn]               complete(response)
[warn]                        ^
[warn] /home/olzhas/IdeaProjects/Backend/src/main/scala/api/Router.scala:71:22: Block result was adapted via implicit conversion (method apply) taking a by-name parameter
[warn]             entity(as[AddBookToUser]) { updateUser =>
[warn]                      ^
[warn] /home/olzhas/IdeaProjects/Backend/src/main/scala/api/Router.scala:75:26: Block result was adapted via implicit conversion (method apply) taking a by-name parameter
[warn]                 complete(response)
[warn]                          ^
[warn] /home/olzhas/IdeaProjects/Backend/src/main/scala/api/Router.scala:80:22: Block result was adapted via implicit conversion (method apply) taking a by-name parameter
[warn]             entity(as[AddBookToUser]) { updateUser =>
[warn]                      ^
[warn] /home/olzhas/IdeaProjects/Backend/src/main/scala/api/Router.scala:84:26: Block result was adapted via implicit conversion (method apply) taking a by-name parameter
[warn]                 complete(response)
[warn]                          ^
[warn] /home/olzhas/IdeaProjects/Backend/src/main/scala/api/Router.scala:98:28: Block result was adapted via implicit conversion (method apply) taking a by-name parameter
[warn]                   complete(response)
[warn]                            ^
[warn] /home/olzhas/IdeaProjects/Backend/src/main/scala/api/Router.scala:105:28: Block result was adapted via implicit conversion (method apply) taking a by-name parameter
[warn]                   complete(response)
[warn]                            ^
[warn] /home/olzhas/IdeaProjects/Backend/src/main/scala/api/Router.scala:109:26: Block result was adapted via implicit conversion (method apply) taking a by-name parameter
[warn]                 entity(as[AddBookToUser]) { updateUser =>
[warn]                          ^
[warn] /home/olzhas/IdeaProjects/Backend/src/main/scala/api/Router.scala:113:30: Block result was adapted via implicit conversion (method apply) taking a by-name parameter
[warn]                     complete(response)
[warn]                              ^
[warn] /home/olzhas/IdeaProjects/Backend/src/main/scala/api/Router.scala:123:24: Block result was adapted via implicit conversion (method apply) taking a by-name parameter
[warn]               complete(response)
[warn]                        ^
[warn] /home/olzhas/IdeaProjects/Backend/src/main/scala/api/Router.scala:127:22: Block result was adapted via implicit conversion (method apply) taking a by-name parameter
[warn]             entity(as[CreateUser]) { createUser =>
[warn]                      ^
[warn] /home/olzhas/IdeaProjects/Backend/src/main/scala/api/Router.scala:135:26: Block result was adapted via implicit conversion (method apply) taking a by-name parameter
[warn]                 complete(response)
[warn]                          ^
[warn] /home/olzhas/IdeaProjects/Backend/src/main/scala/api/Router.scala:150:28: Block result was adapted via implicit conversion (method apply) taking a by-name parameter
[warn]                   complete(response)
[warn]                            ^
[warn] /home/olzhas/IdeaProjects/Backend/src/main/scala/api/Router.scala:157:28: Block result was adapted via implicit conversion (method apply) taking a by-name parameter
[warn]                   complete(response)
[warn]                            ^
[warn] /home/olzhas/IdeaProjects/Backend/src/main/scala/api/Router.scala:161:26: Block result was adapted via implicit conversion (method apply) taking a by-name parameter
[warn]                 entity(as[UpdateCategory]) { updateCat =>
[warn]                          ^
[warn] /home/olzhas/IdeaProjects/Backend/src/main/scala/api/Router.scala:165:30: Block result was adapted via implicit conversion (method apply) taking a by-name parameter
[warn]                     complete(response)
[warn]                              ^
[warn] /home/olzhas/IdeaProjects/Backend/src/main/scala/api/Router.scala:176:26: Block result was adapted via implicit conversion (method apply) taking a by-name parameter
[warn]                 complete(response)
[warn]                          ^
[warn] /home/olzhas/IdeaProjects/Backend/src/main/scala/api/Router.scala:180:24: Block result was adapted via implicit conversion (method apply) taking a by-name parameter
[warn]               entity(as[CreateCategory]) { createCat =>
[warn]                        ^
[warn] /home/olzhas/IdeaProjects/Backend/src/main/scala/api/Router.scala:188:28: Block result was adapted via implicit conversion (method apply) taking a by-name parameter
[warn]                   complete(response)
[warn]                            ^
[warn] /home/olzhas/IdeaProjects/Backend/src/main/scala/api/Router.scala:204:28: Block result was adapted via implicit conversion (method apply) taking a by-name parameter
[warn]                   complete(response)
[warn]                            ^
[warn] /home/olzhas/IdeaProjects/Backend/src/main/scala/api/Router.scala:215:28: Block result was adapted via implicit conversion (method apply) taking a by-name parameter
[warn]                   complete(response)
[warn]                            ^
[warn] /home/olzhas/IdeaProjects/Backend/src/main/scala/api/Router.scala:222:28: Block result was adapted via implicit conversion (method apply) taking a by-name parameter
[warn]                   complete(response)
[warn]                            ^
[warn] /home/olzhas/IdeaProjects/Backend/src/main/scala/api/Router.scala:226:26: Block result was adapted via implicit conversion (method apply) taking a by-name parameter
[warn]                 entity(as[UpdateBook]) { updateBook=>
[warn]                          ^
[warn] /home/olzhas/IdeaProjects/Backend/src/main/scala/api/Router.scala:230:30: Block result was adapted via implicit conversion (method apply) taking a by-name parameter
[warn]                     complete(response)
[warn]                              ^
[warn] /home/olzhas/IdeaProjects/Backend/src/main/scala/api/Router.scala:241:26: Block result was adapted via implicit conversion (method apply) taking a by-name parameter
[warn]                 complete(response)
[warn]                          ^
[warn] /home/olzhas/IdeaProjects/Backend/src/main/scala/api/Router.scala:245:24: Block result was adapted via implicit conversion (method apply) taking a by-name parameter
[warn]               entity(as[CreateBook]) { createBook =>
[warn]                        ^
[warn] /home/olzhas/IdeaProjects/Backend/src/main/scala/api/Router.scala:253:28: Block result was adapted via implicit conversion (method apply) taking a by-name parameter
[warn]                   complete(response)
[warn]                            ^
[warn] /home/olzhas/IdeaProjects/Backend/src/main/scala/node/Node.scala:114:9: match may not be exhaustive.
[warn] It would fail on the following input: (x: node.Node.Command forSome x not in (node.Node.AddBookToAccount, node.Node.Check, node.Node.Create, node.Node.CreateBook, node.Node.CreateCategory, node.Node.CreateCoffee, node.Node.DeleteAccount, node.Node.DeleteBook, node.Node.DeleteBookFromAccount, node.Node.DeleteCategory, node.Node.DeleteCoffee, node.Node.FindBook, node.Node.GetAccount, node.Node.GetAccounts, node.Node.GetBook, node.Node.GetBooks, node.Node.GetCategories, node.Node.GetCategory, node.Node.GetCoffee, node.Node.GetCoffees, node.Node.GetToken, node.Node.RateCoffee, node.Node.UpdateBook, node.Node.UpdateCategory, node.Node.UpdateCoffee))
[warn]         message match {
[warn]         ^
[warn] /home/olzhas/IdeaProjects/Backend/src/main/scala/repository/UsersAccount.scala:279:5: match may not be exhaustive.
[warn] It would fail on the following input: (x: node.Node.Command forSome x not in (repository.UsersAccount.AddBook, repository.UsersAccount.AddCategory, repository.UsersAccount.AddCoffee, repository.UsersAccount.AddToCart, repository.UsersAccount.AddUser, repository.UsersAccount.AdjustBook, repository.UsersAccount.AdjustUser, repository.UsersAccount.Checkout, repository.UsersAccount.CheckoutBook, repository.UsersAccount.DeleteFromCart, repository.UsersAccount.GetBook, repository.UsersAccount.GetBooks, repository.UsersAccount.GetCategories, repository.UsersAccount.GetCategory, repository.UsersAccount.GetCoffee, repository.UsersAccount.GetCoffees, repository.UsersAccount.GetToken, repository.UsersAccount.GetUser, repository.UsersAccount.GetUsers, repository.UsersAccount.RateCoffee, repository.UsersAccount.RemoveBook, repository.UsersAccount.RemoveCategory, repository.UsersAccount.RemoveCoffee, repository.UsersAccount.RemoveUser, repository.UsersAccount.SearchBookByName, repository.UsersAccount.UpdateBook, repository.UsersAccount.UpdateCategory, repository.UsersAccount.UpdateCoffee))
[warn]     command match {
[warn]     ^
[warn] /home/olzhas/IdeaProjects/Backend/src/main/scala/repository/UsersAccount.scala:572:5: match may not be exhaustive.
[warn] It would fail on the following input: (x: node.Node.Command forSome x not in (repository.UsersAccount.AddBook, repository.UsersAccount.AddToCart, repository.UsersAccount.AddUser, repository.UsersAccount.AdjustBook, repository.UsersAccount.AdjustUser, repository.UsersAccount.Checkout, repository.UsersAccount.CheckoutBook, repository.UsersAccount.GetBook, repository.UsersAccount.GetBooks, repository.UsersAccount.GetUser, repository.UsersAccount.RemoveBook, repository.UsersAccount.RemoveUser))
[warn]     command match {
[warn]     ^
[warn] /home/olzhas/IdeaProjects/Backend/src/main/scala/repository/UsersAccount.scala:632:54: unreachable code
[warn]       case BookRemoved(_, itemId) => state.removeBook(itemId)
[warn]                                                      ^
[warn] /home/olzhas/IdeaProjects/Backend/src/main/scala/repository/UsersAccount.scala:615:5: match may not be exhaustive.
[warn] It would fail on the following input: CoffeeRemoved(_, _)
[warn]     event match {
[warn]     ^
[warn] /home/olzhas/IdeaProjects/Backend/src/main/scala/repository/UsersRepository.scala:49:11: match may not be exhaustive.
[warn] It would fail on the following input: None
[warn]           book_tmp match {
[warn]           ^
[warn] /home/olzhas/IdeaProjects/Backend/src/main/scala/repository/UsersRepository.scala:128:96: match may not be exhaustive.
[warn] It would fail on the following input: Failure(_)
[warn]   def handle[T](f: Future[T])(e: Throwable => ApiError): Directive1[T] = onComplete(f) flatMap {
[warn]                                                                                                ^
[warn] 53 warnings found
[info] done compiling
