[debug] > Exec(early(addDefaultCommands), None, None)
[debug] > Exec(addDefaultCommands, None, None)
[debug] > Exec(early(initialize), None, None)
[debug] > Exec(initialize, None, None)
[debug] > Exec(boot, None, None)
[debug] > Exec(writeSbtVersion, None, None)
[debug] > Exec(reload, None, None)
[debug] > Exec(sbtStashOnFailure, None, None)
[debug] > Exec(onFailure loadFailed, None, None)
[debug] > Exec(loadp, None, None)
[info] welcome to sbt 1.4.5 (Private Build Java 1.8.0_275)
[debug]       Load.loadUnit: plugins took 136.333029ms
[debug]       Load.loadUnit: defsScala took 0.584642ms
[debug] [Loading] Scanning directory /home/olzhas/.sbt/1.0/plugins
[debug] [Loading] Found non-root projects 
[debug] [Loading] Done in /home/olzhas/.sbt/1.0/plugins, returning: ()
[debug] deducing auto plugins based on known facts Set(Atom(sbt.plugins.CorePlugin)) and clauses Clauses(List(Clause(Atom(sbt.plugins.JvmPlugin),Set(Atom(sbt.plugins.IvyPlugin))), Clause(Atom(sbt.ScriptedPlugin),Set(Atom(sbt.plugins.JvmPlugin))), Clause(Atom(sbt.plugins.SbtPlugin),Set(Atom(sbt.ScriptedPlugin))), Clause(Atom(sbt.plugins.SemanticdbPlugin),Set(Atom(sbt.plugins.JvmPlugin))), Clause(Atom(sbt.plugins.JUnitXmlReportPlugin),Set(Atom(sbt.plugins.JvmPlugin))), Clause(Atom(sbt.plugins.MiniDependencyTreePlugin),Set(Atom(sbt.plugins.JvmPlugin))), Clause(Atom(sbt.plugins.CorePlugin),Set(Atom(sbt.plugins.IvyPlugin))), Clause(Atom(sbt.plugins.IvyPlugin),Set(Atom(sbt.plugins.JvmPlugin))), Clause(Atom(sbt.plugins.JvmPlugin),Set(Atom(sbt.plugins.SemanticdbPlugin))), Clause(Atom(sbt.plugins.JvmPlugin),Set(Atom(sbt.plugins.JUnitXmlReportPlugin))), Clause(Atom(sbt.plugins.CorePlugin),Set(Atom(sbt.plugins.Giter8TemplatePlugin))), Clause(Atom(sbt.plugins.JvmPlugin),Set(Atom(sbt.plugins.MiniDependencyTreePlugin)))))
[debug]   :: deduced result: Matched(sbt.plugins.CorePlugin,sbt.plugins.Giter8TemplatePlugin,sbt.plugins.IvyPlugin,sbt.plugins.JvmPlugin,sbt.plugins.MiniDependencyTreePlugin,sbt.plugins.JUnitXmlReportPlugin,sbt.plugins.SemanticdbPlugin)
[debug] Plugins.deducer#function took 256.028687 ms
[debug]           Load.resolveProject(global-plugins) took 78.157399ms
[debug]         Load.loadTransitive: finalizeProject(Project(id global-plugins, base: /home/olzhas/.sbt/1.0/plugins, plugins: List(<none>))) took 392.124001ms
[debug] [Loading] Done in /home/olzhas/.sbt/1.0/plugins, returning: (global-plugins)
[debug]       Load.loadUnit: loadedProjectsRaw took 433.790408ms
[debug]       Load.loadUnit: cleanEvalClasses took 0.392426ms
[debug]     Load.loadUnit(file:/home/olzhas/.sbt/1.0/plugins/, ...) took 584.199783ms
[debug]   Load.apply: load took 837.42427ms
[debug]   Load.apply: resolveProjects took 10.066612ms
[debug]   Load.apply: finalTransforms took 93.700849ms
[debug]   Load.apply: config.delegates took 12.170094ms
[debug]   Load.apply: Def.make(settings)... took 724.101791ms
[debug]   Load.apply: structureIndex took 131.597586ms
[debug]   Load.apply: mkStreams took 2.427627ms
[info] loading global plugins from /home/olzhas/.sbt/1.0/plugins
[debug] Running task... Cancel: Signal, check cycles: false, forcegc: true
[debug] Load.defaultLoad until apply took 4256.666752ms
[debug]           Load.loadUnit: plugins took 14.065457ms
[debug]           Load.loadUnit: defsScala took 0.004776ms
[debug] [Loading] Scanning directory /home/olzhas/IdeaProjects/Backend/project
[debug] [Loading] Found non-root projects 
[debug] [Loading] Done in /home/olzhas/IdeaProjects/Backend/project, returning: ()
[debug] deducing auto plugins based on known facts Set(Atom(sbt.plugins.CorePlugin)) and clauses Clauses(List(Clause(Atom(sbt.plugins.JvmPlugin),Set(Atom(sbt.plugins.IvyPlugin))), Clause(Atom(sbt.ScriptedPlugin),Set(Atom(sbt.plugins.JvmPlugin))), Clause(Atom(sbt.plugins.SbtPlugin),Set(Atom(sbt.ScriptedPlugin))), Clause(Atom(sbt.plugins.SemanticdbPlugin),Set(Atom(sbt.plugins.JvmPlugin))), Clause(Atom(sbt.plugins.JUnitXmlReportPlugin),Set(Atom(sbt.plugins.JvmPlugin))), Clause(Atom(sbt.plugins.MiniDependencyTreePlugin),Set(Atom(sbt.plugins.JvmPlugin))), Clause(Atom(sbt.plugins.CorePlugin),Set(Atom(sbt.plugins.IvyPlugin))), Clause(Atom(sbt.plugins.IvyPlugin),Set(Atom(sbt.plugins.JvmPlugin))), Clause(Atom(sbt.plugins.JvmPlugin),Set(Atom(sbt.plugins.SemanticdbPlugin))), Clause(Atom(sbt.plugins.JvmPlugin),Set(Atom(sbt.plugins.JUnitXmlReportPlugin))), Clause(Atom(sbt.plugins.CorePlugin),Set(Atom(sbt.plugins.Giter8TemplatePlugin))), Clause(Atom(sbt.plugins.JvmPlugin),Set(Atom(sbt.plugins.MiniDependencyTreePlugin)))))
[debug]   :: deduced result: Matched(sbt.plugins.CorePlugin,sbt.plugins.Giter8TemplatePlugin,sbt.plugins.IvyPlugin,sbt.plugins.JvmPlugin,sbt.plugins.MiniDependencyTreePlugin,sbt.plugins.JUnitXmlReportPlugin,sbt.plugins.SemanticdbPlugin)
[debug] Plugins.deducer#function took 2.242431 ms
[debug]               Load.resolveProject(backend-build) took 1.260478ms
[debug]             Load.loadTransitive: finalizeProject(Project(id backend-build, base: /home/olzhas/IdeaProjects/Backend/project, plugins: List(<none>))) took 4.226569ms
[debug] [Loading] Done in /home/olzhas/IdeaProjects/Backend/project, returning: (backend-build)
[debug]           Load.loadUnit: loadedProjectsRaw took 6.251432ms
[debug]           Load.loadUnit: cleanEvalClasses took 0.011095ms
[debug]         Load.loadUnit(file:/home/olzhas/IdeaProjects/Backend/project/, ...) took 21.182805ms
[debug]       Load.apply: load took 22.32612ms
[debug]       Load.apply: resolveProjects took 0.118265ms
[debug]       Load.apply: finalTransforms took 9.814102ms
[debug]       Load.apply: config.delegates took 0.558881ms
[debug]       Load.apply: Def.make(settings)... took 122.655203ms
[debug]       Load.apply: structureIndex took 47.835298ms
[debug]       Load.apply: mkStreams took 0.003441ms
[info] loading project definition from /home/olzhas/IdeaProjects/Backend/project
[debug] Running task... Cancel: Signal, check cycles: false, forcegc: true
[debug]     Load.loadUnit: plugins took 479.845793ms
[debug]     Load.loadUnit: defsScala took 0.003741ms
[debug] [Loading] Scanning directory /home/olzhas/IdeaProjects/Backend
[debug]       Load.loadUnit: mkEval took 8.669704ms
[debug] [Loading] Found non-root projects 
[debug] [Loading] Done in /home/olzhas/IdeaProjects/Backend, returning: ()
[debug] deducing auto plugins based on known facts Set(Atom(sbt.plugins.CorePlugin)) and clauses Clauses(List(Clause(Atom(sbt.plugins.JvmPlugin),Set(Atom(sbt.plugins.IvyPlugin))), Clause(Atom(sbt.ScriptedPlugin),Set(Atom(sbt.plugins.JvmPlugin))), Clause(Atom(sbt.plugins.SbtPlugin),Set(Atom(sbt.ScriptedPlugin))), Clause(Atom(sbt.plugins.SemanticdbPlugin),Set(Atom(sbt.plugins.JvmPlugin))), Clause(Atom(sbt.plugins.JUnitXmlReportPlugin),Set(Atom(sbt.plugins.JvmPlugin))), Clause(Atom(sbt.plugins.MiniDependencyTreePlugin),Set(Atom(sbt.plugins.JvmPlugin))), Clause(Atom(sbt.plugins.CorePlugin),Set(Atom(sbt.plugins.IvyPlugin))), Clause(Atom(sbt.plugins.IvyPlugin),Set(Atom(sbt.plugins.JvmPlugin))), Clause(Atom(sbt.plugins.JvmPlugin),Set(Atom(sbt.plugins.SemanticdbPlugin))), Clause(Atom(sbt.plugins.JvmPlugin),Set(Atom(sbt.plugins.JUnitXmlReportPlugin))), Clause(Atom(sbt.plugins.CorePlugin),Set(Atom(sbt.plugins.Giter8TemplatePlugin))), Clause(Atom(sbt.plugins.JvmPlugin),Set(Atom(sbt.plugins.MiniDependencyTreePlugin)))))
[debug]   :: deduced result: Matched(sbt.plugins.CorePlugin,sbt.plugins.Giter8TemplatePlugin,sbt.plugins.IvyPlugin,sbt.plugins.JvmPlugin,sbt.plugins.MiniDependencyTreePlugin,sbt.plugins.JUnitXmlReportPlugin,sbt.plugins.SemanticdbPlugin)
[debug] Plugins.deducer#function took 3.175898 ms
[info] loading settings for project backend from build.sbt ...
[debug]         Load.resolveProject(backend) took 4.092228ms
[debug]       Load.loadTransitive: finalizeProject(Project(id backend, base: /home/olzhas/IdeaProjects/Backend, plugins: List(<none>))) took 8.166301ms
[debug] [Loading] Done in /home/olzhas/IdeaProjects/Backend, returning: (backend)
[debug]     Load.loadUnit: loadedProjectsRaw took 370.81158ms
[debug]     Load.loadUnit: cleanEvalClasses took 7.974001ms
[debug]   Load.loadUnit(file:/home/olzhas/IdeaProjects/Backend/, ...) took 859.748819ms
[debug] Load.apply: load took 861.49032ms
[debug] Load.apply: resolveProjects took 0.161242ms
[debug] Load.apply: finalTransforms took 13.385988ms
[debug] Load.apply: config.delegates took 0.599807ms
[debug] Load.apply: Def.make(settings)... took 107.189902ms
[debug] Load.apply: structureIndex took 38.75698ms
[debug] Load.apply: mkStreams took 0.003745ms
[info] set current project to Backend (in build file:/home/olzhas/IdeaProjects/Backend/)
[debug] > Exec(sbtPopOnFailure, None, None)
[debug] > Exec(resumeFromFailure, None, None)
[debug] > Exec(notifyUsersAboutShell, None, None)
[debug] > Exec(iflast shell, None, None)
[debug] > Exec(~run, None, None)
[info] sbt server started at local:///home/olzhas/.sbt/1.0/server/4ad2a33bb3d4bb9af9ee/sock
[info] started sbt server
[debug] > Exec(__runWatch console0, None, None)
[debug] > Exec(sbtStashOnFailure, None, None)
[debug] > Exec(__preWatch console0, None, None)
[debug] > Exec(run, None, None)
[debug] Evaluating tasks: Compile / run
[debug] Running task... Cancel: Signal, check cycles: false, forcegc: true
[info] compiling 5 Scala sources to /home/olzhas/IdeaProjects/Backend/target/scala-2.13/classes ...
[warn] /home/olzhas/IdeaProjects/Backend/src/main/scala/Validator/ApiError.scala:11:15: private method apply in object ApiError is never used
[warn]   private def apply(statusCode: StatusCode, message: String): ApiError = new ApiError(statusCode, message)
[warn]               ^
[warn] /home/olzhas/IdeaProjects/Backend/src/main/scala/api/Router.scala:9:18: Unused import
[warn] import Validator._
[warn]                  ^
[warn] /home/olzhas/IdeaProjects/Backend/src/main/scala/api/Router.scala:20:81: parameter value ex in class NodeRouter is never used
[warn] class NodeRouter( node:ActorRef[Node.Command])(implicit system: ActorSystem[_], ex:ExecutionContext)
[warn]                                                                                 ^
[warn] /home/olzhas/IdeaProjects/Backend/src/main/scala/api/Router.scala:34:22: Block result was adapted via implicit conversion (method apply) taking a by-name parameter
[warn]             complete(response)
[warn]                      ^
[warn] /home/olzhas/IdeaProjects/Backend/src/main/scala/api/Router.scala:40:20: Block result was adapted via implicit conversion (method apply) taking a by-name parameter
[warn]           entity(as[PostText]) { token =>
[warn]                    ^
[warn] /home/olzhas/IdeaProjects/Backend/src/main/scala/api/Router.scala:46:24: Block result was adapted via implicit conversion (method apply) taking a by-name parameter
[warn]               complete(token)
[warn]                        ^
[warn] /home/olzhas/IdeaProjects/Backend/src/main/scala/api/Router.scala:53:20: Block result was adapted via implicit conversion (method apply) taking a by-name parameter
[warn]           entity(as[NewUser]) { newUser =>
[warn]                    ^
[warn] /home/olzhas/IdeaProjects/Backend/src/main/scala/api/Router.scala:62:24: Block result was adapted via implicit conversion (method apply) taking a by-name parameter
[warn]               complete(response)
[warn]                        ^
[warn] /home/olzhas/IdeaProjects/Backend/src/main/scala/api/Router.scala:70:22: Block result was adapted via implicit conversion (method apply) taking a by-name parameter
[warn]             entity(as[AddProductToBasket]) { updateUser =>
[warn]                      ^
[warn] /home/olzhas/IdeaProjects/Backend/src/main/scala/api/Router.scala:74:26: Block result was adapted via implicit conversion (method apply) taking a by-name parameter
[warn]                 complete(response)
[warn]                          ^
[warn] /home/olzhas/IdeaProjects/Backend/src/main/scala/api/Router.scala:79:22: Block result was adapted via implicit conversion (method apply) taking a by-name parameter
[warn]             entity(as[AddProductToBasket]) { updateUser =>
[warn]                      ^
[warn] /home/olzhas/IdeaProjects/Backend/src/main/scala/api/Router.scala:83:26: Block result was adapted via implicit conversion (method apply) taking a by-name parameter
[warn]                 complete(response)
[warn]                          ^
[warn] /home/olzhas/IdeaProjects/Backend/src/main/scala/api/Router.scala:97:28: Block result was adapted via implicit conversion (method apply) taking a by-name parameter
[warn]                   complete(response)
[warn]                            ^
[warn] /home/olzhas/IdeaProjects/Backend/src/main/scala/api/Router.scala:104:28: Block result was adapted via implicit conversion (method apply) taking a by-name parameter
[warn]                   complete(response)
[warn]                            ^
[warn] /home/olzhas/IdeaProjects/Backend/src/main/scala/api/Router.scala:108:26: Block result was adapted via implicit conversion (method apply) taking a by-name parameter
[warn]                 entity(as[AddProductToBasket]) { updateUser =>
[warn]                          ^
[warn] /home/olzhas/IdeaProjects/Backend/src/main/scala/api/Router.scala:112:30: Block result was adapted via implicit conversion (method apply) taking a by-name parameter
[warn]                     complete(response)
[warn]                              ^
[warn] /home/olzhas/IdeaProjects/Backend/src/main/scala/api/Router.scala:122:24: Block result was adapted via implicit conversion (method apply) taking a by-name parameter
[warn]               complete(response)
[warn]                        ^
[warn] /home/olzhas/IdeaProjects/Backend/src/main/scala/api/Router.scala:126:22: Block result was adapted via implicit conversion (method apply) taking a by-name parameter
[warn]             entity(as[NewUser]) { createUser =>
[warn]                      ^
[warn] /home/olzhas/IdeaProjects/Backend/src/main/scala/api/Router.scala:135:26: Block result was adapted via implicit conversion (method apply) taking a by-name parameter
[warn]                 complete(response)
[warn]                          ^
[warn] /home/olzhas/IdeaProjects/Backend/src/main/scala/api/Router.scala:150:28: Block result was adapted via implicit conversion (method apply) taking a by-name parameter
[warn]                   complete(response)
[warn]                            ^
[warn] /home/olzhas/IdeaProjects/Backend/src/main/scala/api/Router.scala:157:28: Block result was adapted via implicit conversion (method apply) taking a by-name parameter
[warn]                   complete(response)
[warn]                            ^
[warn] /home/olzhas/IdeaProjects/Backend/src/main/scala/api/Router.scala:161:26: Block result was adapted via implicit conversion (method apply) taking a by-name parameter
[warn]                 entity(as[UpdateCategory]) { updateCat =>
[warn]                          ^
[warn] /home/olzhas/IdeaProjects/Backend/src/main/scala/api/Router.scala:165:30: Block result was adapted via implicit conversion (method apply) taking a by-name parameter
[warn]                     complete(response)
[warn]                              ^
[warn] /home/olzhas/IdeaProjects/Backend/src/main/scala/api/Router.scala:176:26: Block result was adapted via implicit conversion (method apply) taking a by-name parameter
[warn]                 complete(response)
[warn]                          ^
[warn] /home/olzhas/IdeaProjects/Backend/src/main/scala/api/Router.scala:180:24: Block result was adapted via implicit conversion (method apply) taking a by-name parameter
[warn]               entity(as[CreateCategory]) { createCat =>
[warn]                        ^
[warn] /home/olzhas/IdeaProjects/Backend/src/main/scala/api/Router.scala:189:28: Block result was adapted via implicit conversion (method apply) taking a by-name parameter
[warn]                   complete(response)
[warn]                            ^
[warn] /home/olzhas/IdeaProjects/Backend/src/main/scala/api/Router.scala:205:28: Block result was adapted via implicit conversion (method apply) taking a by-name parameter
[warn]                   complete(response)
[warn]                            ^
[warn] /home/olzhas/IdeaProjects/Backend/src/main/scala/api/Router.scala:216:28: Block result was adapted via implicit conversion (method apply) taking a by-name parameter
[warn]                   complete(response)
[warn]                            ^
[warn] /home/olzhas/IdeaProjects/Backend/src/main/scala/api/Router.scala:223:28: Block result was adapted via implicit conversion (method apply) taking a by-name parameter
[warn]                   complete(response)
[warn]                            ^
[warn] /home/olzhas/IdeaProjects/Backend/src/main/scala/api/Router.scala:227:26: Block result was adapted via implicit conversion (method apply) taking a by-name parameter
[warn]                 entity(as[UpdateProduct]) { updateBook=>
[warn]                          ^
[warn] /home/olzhas/IdeaProjects/Backend/src/main/scala/api/Router.scala:231:30: Block result was adapted via implicit conversion (method apply) taking a by-name parameter
[warn]                     complete(response)
[warn]                              ^
[warn] /home/olzhas/IdeaProjects/Backend/src/main/scala/api/Router.scala:242:26: Block result was adapted via implicit conversion (method apply) taking a by-name parameter
[warn]                 complete(response)
[warn]                          ^
[warn] /home/olzhas/IdeaProjects/Backend/src/main/scala/api/Router.scala:246:24: Block result was adapted via implicit conversion (method apply) taking a by-name parameter
[warn]               entity(as[newProduct]) { createBook =>
[warn]                        ^
[warn] /home/olzhas/IdeaProjects/Backend/src/main/scala/api/Router.scala:255:28: Block result was adapted via implicit conversion (method apply) taking a by-name parameter
[warn]                   complete(response)
[warn]                            ^
[warn] 34 warnings found
[info] done compiling
[info] compiling 2 Scala sources to /home/olzhas/IdeaProjects/Backend/target/scala-2.13/classes ...
[warn] /home/olzhas/IdeaProjects/Backend/src/main/scala/Main.scala:14:18: local val log in method main is never used
[warn]     implicit val log: Logger = LoggerFactory.getLogger(getClass)
[warn]                  ^
[warn] /home/olzhas/IdeaProjects/Backend/src/main/scala/api/Router.scala:9:18: Unused import
[warn] import Validator._
[warn]                  ^
[warn] /home/olzhas/IdeaProjects/Backend/src/main/scala/api/Router.scala:20:81: parameter value ex in class NodeRouter is never used
[warn] class NodeRouter( node:ActorRef[Node.Command])(implicit system: ActorSystem[_], ex:ExecutionContext)
[warn]                                                                                 ^
[warn] /home/olzhas/IdeaProjects/Backend/src/main/scala/api/Router.scala:34:22: Block result was adapted via implicit conversion (method apply) taking a by-name parameter
[warn]             complete(response)
[warn]                      ^
[warn] /home/olzhas/IdeaProjects/Backend/src/main/scala/api/Router.scala:40:20: Block result was adapted via implicit conversion (method apply) taking a by-name parameter
[warn]           entity(as[PostText]) { token =>
[warn]                    ^
[warn] /home/olzhas/IdeaProjects/Backend/src/main/scala/api/Router.scala:46:24: Block result was adapted via implicit conversion (method apply) taking a by-name parameter
[warn]               complete(token)
[warn]                        ^
[warn] /home/olzhas/IdeaProjects/Backend/src/main/scala/api/Router.scala:53:20: Block result was adapted via implicit conversion (method apply) taking a by-name parameter
[warn]           entity(as[NewUser]) { newUser =>
[warn]                    ^
[warn] /home/olzhas/IdeaProjects/Backend/src/main/scala/api/Router.scala:62:24: Block result was adapted via implicit conversion (method apply) taking a by-name parameter
[warn]               complete(response)
[warn]                        ^
[warn] /home/olzhas/IdeaProjects/Backend/src/main/scala/api/Router.scala:70:22: Block result was adapted via implicit conversion (method apply) taking a by-name parameter
[warn]             entity(as[AddProductToBasket]) { updateUser =>
[warn]                      ^
[warn] /home/olzhas/IdeaProjects/Backend/src/main/scala/api/Router.scala:74:26: Block result was adapted via implicit conversion (method apply) taking a by-name parameter
[warn]                 complete(response)
[warn]                          ^
[warn] /home/olzhas/IdeaProjects/Backend/src/main/scala/api/Router.scala:79:22: Block result was adapted via implicit conversion (method apply) taking a by-name parameter
[warn]             entity(as[AddProductToBasket]) { updateUser =>
[warn]                      ^
[warn] /home/olzhas/IdeaProjects/Backend/src/main/scala/api/Router.scala:83:26: Block result was adapted via implicit conversion (method apply) taking a by-name parameter
[warn]                 complete(response)
[warn]                          ^
[warn] /home/olzhas/IdeaProjects/Backend/src/main/scala/api/Router.scala:97:28: Block result was adapted via implicit conversion (method apply) taking a by-name parameter
[warn]                   complete(response)
[warn]                            ^
[warn] /home/olzhas/IdeaProjects/Backend/src/main/scala/api/Router.scala:104:28: Block result was adapted via implicit conversion (method apply) taking a by-name parameter
[warn]                   complete(response)
[warn]                            ^
[warn] /home/olzhas/IdeaProjects/Backend/src/main/scala/api/Router.scala:108:26: Block result was adapted via implicit conversion (method apply) taking a by-name parameter
[warn]                 entity(as[AddProductToBasket]) { updateUser =>
[warn]                          ^
[warn] /home/olzhas/IdeaProjects/Backend/src/main/scala/api/Router.scala:112:30: Block result was adapted via implicit conversion (method apply) taking a by-name parameter
[warn]                     complete(response)
[warn]                              ^
[warn] /home/olzhas/IdeaProjects/Backend/src/main/scala/api/Router.scala:122:24: Block result was adapted via implicit conversion (method apply) taking a by-name parameter
[warn]               complete(response)
[warn]                        ^
[warn] /home/olzhas/IdeaProjects/Backend/src/main/scala/api/Router.scala:126:22: Block result was adapted via implicit conversion (method apply) taking a by-name parameter
[warn]             entity(as[NewUser]) { createUser =>
[warn]                      ^
[warn] /home/olzhas/IdeaProjects/Backend/src/main/scala/api/Router.scala:135:26: Block result was adapted via implicit conversion (method apply) taking a by-name parameter
[warn]                 complete(response)
[warn]                          ^
[warn] /home/olzhas/IdeaProjects/Backend/src/main/scala/api/Router.scala:150:28: Block result was adapted via implicit conversion (method apply) taking a by-name parameter
[warn]                   complete(response)
[warn]                            ^
[warn] /home/olzhas/IdeaProjects/Backend/src/main/scala/api/Router.scala:157:28: Block result was adapted via implicit conversion (method apply) taking a by-name parameter
[warn]                   complete(response)
[warn]                            ^
[warn] /home/olzhas/IdeaProjects/Backend/src/main/scala/api/Router.scala:161:26: Block result was adapted via implicit conversion (method apply) taking a by-name parameter
[warn]                 entity(as[UpdateCategory]) { updateCat =>
[warn]                          ^
[warn] /home/olzhas/IdeaProjects/Backend/src/main/scala/api/Router.scala:165:30: Block result was adapted via implicit conversion (method apply) taking a by-name parameter
[warn]                     complete(response)
[warn]                              ^
[warn] /home/olzhas/IdeaProjects/Backend/src/main/scala/api/Router.scala:176:26: Block result was adapted via implicit conversion (method apply) taking a by-name parameter
[warn]                 complete(response)
[warn]                          ^
[warn] /home/olzhas/IdeaProjects/Backend/src/main/scala/api/Router.scala:180:24: Block result was adapted via implicit conversion (method apply) taking a by-name parameter
[warn]               entity(as[CreateCategory]) { createCat =>
[warn]                        ^
[warn] /home/olzhas/IdeaProjects/Backend/src/main/scala/api/Router.scala:189:28: Block result was adapted via implicit conversion (method apply) taking a by-name parameter
[warn]                   complete(response)
[warn]                            ^
[warn] /home/olzhas/IdeaProjects/Backend/src/main/scala/api/Router.scala:205:28: Block result was adapted via implicit conversion (method apply) taking a by-name parameter
[warn]                   complete(response)
[warn]                            ^
[warn] /home/olzhas/IdeaProjects/Backend/src/main/scala/api/Router.scala:216:28: Block result was adapted via implicit conversion (method apply) taking a by-name parameter
[warn]                   complete(response)
[warn]                            ^
[warn] /home/olzhas/IdeaProjects/Backend/src/main/scala/api/Router.scala:223:28: Block result was adapted via implicit conversion (method apply) taking a by-name parameter
[warn]                   complete(response)
[warn]                            ^
[warn] /home/olzhas/IdeaProjects/Backend/src/main/scala/api/Router.scala:227:26: Block result was adapted via implicit conversion (method apply) taking a by-name parameter
[warn]                 entity(as[UpdateProduct]) { updateBook=>
[warn]                          ^
[warn] /home/olzhas/IdeaProjects/Backend/src/main/scala/api/Router.scala:231:30: Block result was adapted via implicit conversion (method apply) taking a by-name parameter
[warn]                     complete(response)
[warn]                              ^
[warn] /home/olzhas/IdeaProjects/Backend/src/main/scala/api/Router.scala:242:26: Block result was adapted via implicit conversion (method apply) taking a by-name parameter
[warn]                 complete(response)
[warn]                          ^
[warn] /home/olzhas/IdeaProjects/Backend/src/main/scala/api/Router.scala:246:24: Block result was adapted via implicit conversion (method apply) taking a by-name parameter
[warn]               entity(as[newProduct]) { createBook =>
[warn]                        ^
[warn] /home/olzhas/IdeaProjects/Backend/src/main/scala/api/Router.scala:255:28: Block result was adapted via implicit conversion (method apply) taking a by-name parameter
[warn]                   complete(response)
[warn]                            ^
[warn] 34 warnings found
[info] done compiling
