[debug] > Exec(early(addDefaultCommands), None, None)
[debug] > Exec(addDefaultCommands, None, None)
[debug] > Exec(early(initialize), None, None)
[debug] > Exec(initialize, None, None)
[debug] > Exec(boot, None, None)
[debug] > Exec(writeSbtVersion, None, None)
[debug] > Exec(reload, None, None)
[debug] > Exec(sbtStashOnFailure, None, None)
[debug] > Exec(onFailure loadFailed, None, None)
[debug] > Exec(loadp, None, None)
[info] welcome to sbt 1.4.5 (Private Build Java 1.8.0_275)
[debug]       Load.loadUnit: plugins took 132.68275ms
[debug]       Load.loadUnit: defsScala took 0.670752ms
[debug] [Loading] Scanning directory /home/olzhas/.sbt/1.0/plugins
[debug] [Loading] Found non-root projects 
[debug] [Loading] Done in /home/olzhas/.sbt/1.0/plugins, returning: ()
[debug] deducing auto plugins based on known facts Set(Atom(sbt.plugins.CorePlugin)) and clauses Clauses(List(Clause(Atom(sbt.plugins.JvmPlugin),Set(Atom(sbt.plugins.IvyPlugin))), Clause(Atom(sbt.ScriptedPlugin),Set(Atom(sbt.plugins.JvmPlugin))), Clause(Atom(sbt.plugins.SbtPlugin),Set(Atom(sbt.ScriptedPlugin))), Clause(Atom(sbt.plugins.SemanticdbPlugin),Set(Atom(sbt.plugins.JvmPlugin))), Clause(Atom(sbt.plugins.JUnitXmlReportPlugin),Set(Atom(sbt.plugins.JvmPlugin))), Clause(Atom(sbt.plugins.MiniDependencyTreePlugin),Set(Atom(sbt.plugins.JvmPlugin))), Clause(Atom(sbt.plugins.CorePlugin),Set(Atom(sbt.plugins.IvyPlugin))), Clause(Atom(sbt.plugins.IvyPlugin),Set(Atom(sbt.plugins.JvmPlugin))), Clause(Atom(sbt.plugins.JvmPlugin),Set(Atom(sbt.plugins.SemanticdbPlugin))), Clause(Atom(sbt.plugins.JvmPlugin),Set(Atom(sbt.plugins.JUnitXmlReportPlugin))), Clause(Atom(sbt.plugins.CorePlugin),Set(Atom(sbt.plugins.Giter8TemplatePlugin))), Clause(Atom(sbt.plugins.JvmPlugin),Set(Atom(sbt.plugins.MiniDependencyTreePlugin)))))
[debug]   :: deduced result: Matched(sbt.plugins.CorePlugin,sbt.plugins.Giter8TemplatePlugin,sbt.plugins.IvyPlugin,sbt.plugins.JvmPlugin,sbt.plugins.MiniDependencyTreePlugin,sbt.plugins.JUnitXmlReportPlugin,sbt.plugins.SemanticdbPlugin)
[debug] Plugins.deducer#function took 42.508165 ms
[debug]           Load.resolveProject(global-plugins) took 190.612301ms
[debug]         Load.loadTransitive: finalizeProject(Project(id global-plugins, base: /home/olzhas/.sbt/1.0/plugins, plugins: List(<none>))) took 281.100669ms
[debug] [Loading] Done in /home/olzhas/.sbt/1.0/plugins, returning: (global-plugins)
[debug]       Load.loadUnit: loadedProjectsRaw took 320.981157ms
[debug]       Load.loadUnit: cleanEvalClasses took 0.437417ms
[debug]     Load.loadUnit(file:/home/olzhas/.sbt/1.0/plugins/, ...) took 468.434399ms
[debug]   Load.apply: load took 663.50061ms
[debug]   Load.apply: resolveProjects took 10.436806ms
[debug]   Load.apply: finalTransforms took 82.299745ms
[debug]   Load.apply: config.delegates took 9.940442ms
[debug]   Load.apply: Def.make(settings)... took 437.970262ms
[debug]   Load.apply: structureIndex took 137.465396ms
[debug]   Load.apply: mkStreams took 1.843525ms
[info] loading global plugins from /home/olzhas/.sbt/1.0/plugins
[debug] Running task... Cancel: Signal, check cycles: false, forcegc: true
[debug] Load.defaultLoad until apply took 3587.880374ms
[debug]           Load.loadUnit: plugins took 11.39492ms
[debug]           Load.loadUnit: defsScala took 0.003506ms
[debug] [Loading] Scanning directory /home/olzhas/IdeaProjects/Backend/project
[debug] [Loading] Found non-root projects 
[debug] [Loading] Done in /home/olzhas/IdeaProjects/Backend/project, returning: ()
[debug] deducing auto plugins based on known facts Set(Atom(sbt.plugins.CorePlugin)) and clauses Clauses(List(Clause(Atom(sbt.plugins.JvmPlugin),Set(Atom(sbt.plugins.IvyPlugin))), Clause(Atom(sbt.ScriptedPlugin),Set(Atom(sbt.plugins.JvmPlugin))), Clause(Atom(sbt.plugins.SbtPlugin),Set(Atom(sbt.ScriptedPlugin))), Clause(Atom(sbt.plugins.SemanticdbPlugin),Set(Atom(sbt.plugins.JvmPlugin))), Clause(Atom(sbt.plugins.JUnitXmlReportPlugin),Set(Atom(sbt.plugins.JvmPlugin))), Clause(Atom(sbt.plugins.MiniDependencyTreePlugin),Set(Atom(sbt.plugins.JvmPlugin))), Clause(Atom(sbt.plugins.CorePlugin),Set(Atom(sbt.plugins.IvyPlugin))), Clause(Atom(sbt.plugins.IvyPlugin),Set(Atom(sbt.plugins.JvmPlugin))), Clause(Atom(sbt.plugins.JvmPlugin),Set(Atom(sbt.plugins.SemanticdbPlugin))), Clause(Atom(sbt.plugins.JvmPlugin),Set(Atom(sbt.plugins.JUnitXmlReportPlugin))), Clause(Atom(sbt.plugins.CorePlugin),Set(Atom(sbt.plugins.Giter8TemplatePlugin))), Clause(Atom(sbt.plugins.JvmPlugin),Set(Atom(sbt.plugins.MiniDependencyTreePlugin)))))
[debug]   :: deduced result: Matched(sbt.plugins.CorePlugin,sbt.plugins.Giter8TemplatePlugin,sbt.plugins.IvyPlugin,sbt.plugins.JvmPlugin,sbt.plugins.MiniDependencyTreePlugin,sbt.plugins.JUnitXmlReportPlugin,sbt.plugins.SemanticdbPlugin)
[debug] Plugins.deducer#function took 1.868275 ms
[debug]               Load.resolveProject(backend-build) took 1.259091ms
[debug]             Load.loadTransitive: finalizeProject(Project(id backend-build, base: /home/olzhas/IdeaProjects/Backend/project, plugins: List(<none>))) took 3.686598ms
[debug] [Loading] Done in /home/olzhas/IdeaProjects/Backend/project, returning: (backend-build)
[debug]           Load.loadUnit: loadedProjectsRaw took 5.128699ms
[debug]           Load.loadUnit: cleanEvalClasses took 0.009072ms
[debug]         Load.loadUnit(file:/home/olzhas/IdeaProjects/Backend/project/, ...) took 17.126283ms
[debug]       Load.apply: load took 18.229796ms
[debug]       Load.apply: resolveProjects took 0.152628ms
[debug]       Load.apply: finalTransforms took 15.498204ms
[debug]       Load.apply: config.delegates took 0.532344ms
[debug]       Load.apply: Def.make(settings)... took 93.700307ms
[debug]       Load.apply: structureIndex took 35.973042ms
[debug]       Load.apply: mkStreams took 0.002127ms
[info] loading project definition from /home/olzhas/IdeaProjects/Backend/project
[debug] Running task... Cancel: Signal, check cycles: false, forcegc: true
[debug]     Load.loadUnit: plugins took 340.662163ms
[debug]     Load.loadUnit: defsScala took 0.003397ms
[debug] [Loading] Scanning directory /home/olzhas/IdeaProjects/Backend
[debug]       Load.loadUnit: mkEval took 6.890844ms
[debug] [Loading] Found non-root projects 
[debug] [Loading] Done in /home/olzhas/IdeaProjects/Backend, returning: ()
[debug] deducing auto plugins based on known facts Set(Atom(sbt.plugins.CorePlugin)) and clauses Clauses(List(Clause(Atom(sbt.plugins.JvmPlugin),Set(Atom(sbt.plugins.IvyPlugin))), Clause(Atom(sbt.ScriptedPlugin),Set(Atom(sbt.plugins.JvmPlugin))), Clause(Atom(sbt.plugins.SbtPlugin),Set(Atom(sbt.ScriptedPlugin))), Clause(Atom(sbt.plugins.SemanticdbPlugin),Set(Atom(sbt.plugins.JvmPlugin))), Clause(Atom(sbt.plugins.JUnitXmlReportPlugin),Set(Atom(sbt.plugins.JvmPlugin))), Clause(Atom(sbt.plugins.MiniDependencyTreePlugin),Set(Atom(sbt.plugins.JvmPlugin))), Clause(Atom(sbt.plugins.CorePlugin),Set(Atom(sbt.plugins.IvyPlugin))), Clause(Atom(sbt.plugins.IvyPlugin),Set(Atom(sbt.plugins.JvmPlugin))), Clause(Atom(sbt.plugins.JvmPlugin),Set(Atom(sbt.plugins.SemanticdbPlugin))), Clause(Atom(sbt.plugins.JvmPlugin),Set(Atom(sbt.plugins.JUnitXmlReportPlugin))), Clause(Atom(sbt.plugins.CorePlugin),Set(Atom(sbt.plugins.Giter8TemplatePlugin))), Clause(Atom(sbt.plugins.JvmPlugin),Set(Atom(sbt.plugins.MiniDependencyTreePlugin)))))
[debug]   :: deduced result: Matched(sbt.plugins.CorePlugin,sbt.plugins.Giter8TemplatePlugin,sbt.plugins.IvyPlugin,sbt.plugins.JvmPlugin,sbt.plugins.MiniDependencyTreePlugin,sbt.plugins.JUnitXmlReportPlugin,sbt.plugins.SemanticdbPlugin)
[debug] Plugins.deducer#function took 2.617398 ms
[info] loading settings for project backend from build.sbt ...
[debug]         Load.resolveProject(backend) took 2.838901ms
[debug]       Load.loadTransitive: finalizeProject(Project(id backend, base: /home/olzhas/IdeaProjects/Backend, plugins: List(<none>))) took 6.231596ms
[debug] [Loading] Done in /home/olzhas/IdeaProjects/Backend, returning: (backend)
[debug]     Load.loadUnit: loadedProjectsRaw took 294.465084ms
[debug]     Load.loadUnit: cleanEvalClasses took 5.420231ms
[debug]   Load.loadUnit(file:/home/olzhas/IdeaProjects/Backend/, ...) took 641.403302ms
[debug] Load.apply: load took 642.871319ms
[debug] Load.apply: resolveProjects took 0.149206ms
[debug] Load.apply: finalTransforms took 11.734778ms
[debug] Load.apply: config.delegates took 0.397789ms
[debug] Load.apply: Def.make(settings)... took 84.188865ms
[debug] Load.apply: structureIndex took 36.03844ms
[debug] Load.apply: mkStreams took 0.002451ms
[info] set current project to Backend (in build file:/home/olzhas/IdeaProjects/Backend/)
[debug] > Exec(sbtPopOnFailure, None, None)
[debug] > Exec(resumeFromFailure, None, None)
[debug] > Exec(notifyUsersAboutShell, None, None)
[debug] > Exec(iflast shell, None, None)
[debug] > Exec(~run, None, None)
[info] sbt server started at local:///home/olzhas/.sbt/1.0/server/4ad2a33bb3d4bb9af9ee/sock
[info] started sbt server
[debug] > Exec(__runWatch console0, None, None)
[debug] > Exec(sbtStashOnFailure, None, None)
[debug] > Exec(__preWatch console0, None, None)
[debug] > Exec(run, None, None)
[debug] Evaluating tasks: Compile / run
[debug] Running task... Cancel: Signal, check cycles: false, forcegc: true
[info] compiling 1 Scala source to /home/olzhas/IdeaProjects/Backend/target/scala-2.13/classes ...
[warn] /home/olzhas/IdeaProjects/Backend/src/main/scala/Main.scala:7:14: Unused import
[warn] import model._
[warn]              ^
[warn] /home/olzhas/IdeaProjects/Backend/src/main/scala/Main.scala:16:18: local val log in method main is never used
[warn]     implicit val log: Logger = LoggerFactory.getLogger(getClass)
[warn]                  ^
[warn] two warnings found
[info] done compiling
