[debug] > Exec(early(addDefaultCommands), None, None)
[debug] > Exec(addDefaultCommands, None, None)
[debug] > Exec(early(initialize), None, None)
[debug] > Exec(initialize, None, None)
[debug] > Exec(boot, None, None)
[debug] > Exec(writeSbtVersion, None, None)
[debug] > Exec(reload, None, None)
[debug] > Exec(sbtStashOnFailure, None, None)
[debug] > Exec(onFailure loadFailed, None, None)
[debug] > Exec(loadp, None, None)
[info] welcome to sbt 1.4.5 (Private Build Java 1.8.0_275)
[debug]       Load.loadUnit: plugins took 173.771429ms
[debug]       Load.loadUnit: defsScala took 2.102255ms
[debug] [Loading] Scanning directory /home/olzhas/.sbt/1.0/plugins
[debug] [Loading] Found non-root projects 
[debug] [Loading] Done in /home/olzhas/.sbt/1.0/plugins, returning: ()
[debug] deducing auto plugins based on known facts Set(Atom(sbt.plugins.CorePlugin)) and clauses Clauses(List(Clause(Atom(sbt.plugins.JvmPlugin),Set(Atom(sbt.plugins.IvyPlugin))), Clause(Atom(sbt.ScriptedPlugin),Set(Atom(sbt.plugins.JvmPlugin))), Clause(Atom(sbt.plugins.SbtPlugin),Set(Atom(sbt.ScriptedPlugin))), Clause(Atom(sbt.plugins.SemanticdbPlugin),Set(Atom(sbt.plugins.JvmPlugin))), Clause(Atom(sbt.plugins.JUnitXmlReportPlugin),Set(Atom(sbt.plugins.JvmPlugin))), Clause(Atom(sbt.plugins.MiniDependencyTreePlugin),Set(Atom(sbt.plugins.JvmPlugin))), Clause(Atom(sbt.plugins.CorePlugin),Set(Atom(sbt.plugins.IvyPlugin))), Clause(Atom(sbt.plugins.IvyPlugin),Set(Atom(sbt.plugins.JvmPlugin))), Clause(Atom(sbt.plugins.JvmPlugin),Set(Atom(sbt.plugins.SemanticdbPlugin))), Clause(Atom(sbt.plugins.JvmPlugin),Set(Atom(sbt.plugins.JUnitXmlReportPlugin))), Clause(Atom(sbt.plugins.CorePlugin),Set(Atom(sbt.plugins.Giter8TemplatePlugin))), Clause(Atom(sbt.plugins.JvmPlugin),Set(Atom(sbt.plugins.MiniDependencyTreePlugin)))))
[debug]   :: deduced result: Matched(sbt.plugins.CorePlugin,sbt.plugins.Giter8TemplatePlugin,sbt.plugins.IvyPlugin,sbt.plugins.JvmPlugin,sbt.plugins.MiniDependencyTreePlugin,sbt.plugins.JUnitXmlReportPlugin,sbt.plugins.SemanticdbPlugin)
[debug] Plugins.deducer#function took 63.861356 ms
[debug]           Load.resolveProject(global-plugins) took 92.165642ms
[debug]         Load.loadTransitive: finalizeProject(Project(id global-plugins, base: /home/olzhas/.sbt/1.0/plugins, plugins: List(<none>))) took 531.001025ms
[debug] [Loading] Done in /home/olzhas/.sbt/1.0/plugins, returning: (global-plugins)
[debug]       Load.loadUnit: loadedProjectsRaw took 601.775677ms
[debug]       Load.loadUnit: cleanEvalClasses took 0.737664ms
[debug]     Load.loadUnit(file:/home/olzhas/.sbt/1.0/plugins/, ...) took 795.178476ms
[debug]   Load.apply: load took 1230.410079ms
[debug]   Load.apply: resolveProjects took 34.685511ms
[debug]   Load.apply: finalTransforms took 238.346312ms
[debug]   Load.apply: config.delegates took 15.86134ms
[debug]   Load.apply: Def.make(settings)... took 896.413853ms
[debug]   Load.apply: structureIndex took 186.754343ms
[debug]   Load.apply: mkStreams took 2.322609ms
[info] loading global plugins from /home/olzhas/.sbt/1.0/plugins
[debug] Running task... Cancel: Signal, check cycles: false, forcegc: true
[debug] Load.defaultLoad until apply took 5428.506652ms
[debug]           Load.loadUnit: plugins took 23.679768ms
[debug]           Load.loadUnit: defsScala took 0.004941ms
[debug] [Loading] Scanning directory /home/olzhas/IdeaProjects/Backend/project
[debug] [Loading] Found non-root projects 
[debug] [Loading] Done in /home/olzhas/IdeaProjects/Backend/project, returning: ()
[debug] deducing auto plugins based on known facts Set(Atom(sbt.plugins.CorePlugin)) and clauses Clauses(List(Clause(Atom(sbt.plugins.JvmPlugin),Set(Atom(sbt.plugins.IvyPlugin))), Clause(Atom(sbt.ScriptedPlugin),Set(Atom(sbt.plugins.JvmPlugin))), Clause(Atom(sbt.plugins.SbtPlugin),Set(Atom(sbt.ScriptedPlugin))), Clause(Atom(sbt.plugins.SemanticdbPlugin),Set(Atom(sbt.plugins.JvmPlugin))), Clause(Atom(sbt.plugins.JUnitXmlReportPlugin),Set(Atom(sbt.plugins.JvmPlugin))), Clause(Atom(sbt.plugins.MiniDependencyTreePlugin),Set(Atom(sbt.plugins.JvmPlugin))), Clause(Atom(sbt.plugins.CorePlugin),Set(Atom(sbt.plugins.IvyPlugin))), Clause(Atom(sbt.plugins.IvyPlugin),Set(Atom(sbt.plugins.JvmPlugin))), Clause(Atom(sbt.plugins.JvmPlugin),Set(Atom(sbt.plugins.SemanticdbPlugin))), Clause(Atom(sbt.plugins.JvmPlugin),Set(Atom(sbt.plugins.JUnitXmlReportPlugin))), Clause(Atom(sbt.plugins.CorePlugin),Set(Atom(sbt.plugins.Giter8TemplatePlugin))), Clause(Atom(sbt.plugins.JvmPlugin),Set(Atom(sbt.plugins.MiniDependencyTreePlugin)))))
[debug]   :: deduced result: Matched(sbt.plugins.CorePlugin,sbt.plugins.Giter8TemplatePlugin,sbt.plugins.IvyPlugin,sbt.plugins.JvmPlugin,sbt.plugins.MiniDependencyTreePlugin,sbt.plugins.JUnitXmlReportPlugin,sbt.plugins.SemanticdbPlugin)
[debug] Plugins.deducer#function took 3.405188 ms
[debug]               Load.resolveProject(backend-build) took 1.519844ms
[debug]             Load.loadTransitive: finalizeProject(Project(id backend-build, base: /home/olzhas/IdeaProjects/Backend/project, plugins: List(<none>))) took 5.87755ms
[debug] [Loading] Done in /home/olzhas/IdeaProjects/Backend/project, returning: (backend-build)
[debug]           Load.loadUnit: loadedProjectsRaw took 8.294462ms
[debug]           Load.loadUnit: cleanEvalClasses took 0.024631ms
[debug]         Load.loadUnit(file:/home/olzhas/IdeaProjects/Backend/project/, ...) took 32.981568ms
[debug]       Load.apply: load took 34.986314ms
[debug]       Load.apply: resolveProjects took 0.193783ms
[debug]       Load.apply: finalTransforms took 12.930339ms
[debug]       Load.apply: config.delegates took 0.481239ms
[debug]       Load.apply: Def.make(settings)... took 122.452264ms
[debug]       Load.apply: structureIndex took 49.874823ms
[debug]       Load.apply: mkStreams took 0.003281ms
[info] loading project definition from /home/olzhas/IdeaProjects/Backend/project
[debug] Running task... Cancel: Signal, check cycles: false, forcegc: true
[debug]     Load.loadUnit: plugins took 543.754572ms
[debug]     Load.loadUnit: defsScala took 0.003883ms
[debug] [Loading] Scanning directory /home/olzhas/IdeaProjects/Backend
[debug]       Load.loadUnit: mkEval took 8.916717ms
[debug] [Loading] Found non-root projects 
[debug] [Loading] Done in /home/olzhas/IdeaProjects/Backend, returning: ()
[debug] deducing auto plugins based on known facts Set(Atom(sbt.plugins.CorePlugin)) and clauses Clauses(List(Clause(Atom(sbt.plugins.JvmPlugin),Set(Atom(sbt.plugins.IvyPlugin))), Clause(Atom(sbt.ScriptedPlugin),Set(Atom(sbt.plugins.JvmPlugin))), Clause(Atom(sbt.plugins.SbtPlugin),Set(Atom(sbt.ScriptedPlugin))), Clause(Atom(sbt.plugins.SemanticdbPlugin),Set(Atom(sbt.plugins.JvmPlugin))), Clause(Atom(sbt.plugins.JUnitXmlReportPlugin),Set(Atom(sbt.plugins.JvmPlugin))), Clause(Atom(sbt.plugins.MiniDependencyTreePlugin),Set(Atom(sbt.plugins.JvmPlugin))), Clause(Atom(sbt.plugins.CorePlugin),Set(Atom(sbt.plugins.IvyPlugin))), Clause(Atom(sbt.plugins.IvyPlugin),Set(Atom(sbt.plugins.JvmPlugin))), Clause(Atom(sbt.plugins.JvmPlugin),Set(Atom(sbt.plugins.SemanticdbPlugin))), Clause(Atom(sbt.plugins.JvmPlugin),Set(Atom(sbt.plugins.JUnitXmlReportPlugin))), Clause(Atom(sbt.plugins.CorePlugin),Set(Atom(sbt.plugins.Giter8TemplatePlugin))), Clause(Atom(sbt.plugins.JvmPlugin),Set(Atom(sbt.plugins.MiniDependencyTreePlugin)))))
[debug]   :: deduced result: Matched(sbt.plugins.CorePlugin,sbt.plugins.Giter8TemplatePlugin,sbt.plugins.IvyPlugin,sbt.plugins.JvmPlugin,sbt.plugins.MiniDependencyTreePlugin,sbt.plugins.JUnitXmlReportPlugin,sbt.plugins.SemanticdbPlugin)
[debug] Plugins.deducer#function took 3.158967 ms
[info] loading settings for project backend from build.sbt ...
[debug]         Load.resolveProject(backend) took 4.071138ms
[debug]       Load.loadTransitive: finalizeProject(Project(id backend, base: /home/olzhas/IdeaProjects/Backend, plugins: List(<none>))) took 8.073765ms
[debug] [Loading] Done in /home/olzhas/IdeaProjects/Backend, returning: (backend)
[debug]     Load.loadUnit: loadedProjectsRaw took 406.651788ms
[debug]     Load.loadUnit: cleanEvalClasses took 7.500895ms
[debug]   Load.loadUnit(file:/home/olzhas/IdeaProjects/Backend/, ...) took 958.989028ms
[debug] Load.apply: load took 960.720326ms
[debug] Load.apply: resolveProjects took 0.163295ms
[debug] Load.apply: finalTransforms took 12.444853ms
[debug] Load.apply: config.delegates took 0.428643ms
[debug] Load.apply: Def.make(settings)... took 113.798531ms
[debug] Load.apply: structureIndex took 46.47036ms
[debug] Load.apply: mkStreams took 0.00655ms
[info] set current project to Backend (in build file:/home/olzhas/IdeaProjects/Backend/)
[debug] > Exec(sbtPopOnFailure, None, None)
[debug] > Exec(resumeFromFailure, None, None)
[debug] > Exec(notifyUsersAboutShell, None, None)
[debug] > Exec(iflast shell, None, None)
[debug] > Exec(~run, None, None)
[info] sbt server started at local:///home/olzhas/.sbt/1.0/server/4ad2a33bb3d4bb9af9ee/sock
[info] started sbt server
[debug] > Exec(__runWatch console0, None, None)
[debug] > Exec(sbtStashOnFailure, None, None)
[debug] > Exec(__preWatch console0, None, None)
[debug] > Exec(run, None, None)
[debug] Evaluating tasks: Compile / run
[debug] Running task... Cancel: Signal, check cycles: false, forcegc: true
[info] compiling 10 Scala sources to /home/olzhas/IdeaProjects/Backend/target/scala-2.13/classes ...
[warn] /home/olzhas/IdeaProjects/Backend/src/main/scala/Main.scala:7:14: Unused import
[warn] import model._
[warn]              ^
[warn] /home/olzhas/IdeaProjects/Backend/src/main/scala/Main.scala:16:18: local val log in method main is never used
[warn]     implicit val log: Logger = LoggerFactory.getLogger(getClass)
[warn]                  ^
[warn] /home/olzhas/IdeaProjects/Backend/src/main/scala/api/NodeRouter.scala:11:20: Unused import
[warn] import repository.{ApiError, BookNotFound, UsersDirectives}
[warn]                    ^
[warn] /home/olzhas/IdeaProjects/Backend/src/main/scala/api/NodeRouter.scala:11:30: Unused import
[warn] import repository.{ApiError, BookNotFound, UsersDirectives}
[warn]                              ^
[warn] /home/olzhas/IdeaProjects/Backend/src/main/scala/api/NodeRouter.scala:22:81: parameter value ex in class NodeRouter is never used
[warn] class NodeRouter( node:ActorRef[Node.Command])(implicit system: ActorSystem[_], ex:ExecutionContext)
[warn]                                                                                 ^
[warn] /home/olzhas/IdeaProjects/Backend/src/main/scala/node/Node.scala:105:20: local method system in value $anonfun is never used
[warn]       implicit def system: ActorSystem[Nothing] = context.system
[warn]                    ^
[warn] /home/olzhas/IdeaProjects/Backend/src/main/scala/node/Node.scala:107:20: local method scheduler in value $anonfun is never used
[warn]       implicit def scheduler: Scheduler = context.system.scheduler
[warn]                    ^
[warn] /home/olzhas/IdeaProjects/Backend/src/main/scala/node/Node.scala:109:25: local val timeout in value $anonfun is never used
[warn]       implicit lazy val timeout: Timeout = Timeout(5.seconds)
[warn]                         ^
[warn] /home/olzhas/IdeaProjects/Backend/src/main/scala/repository/UserAccount.scala:30:11: local var newBookList in method addToCart is never updated: consider using immutable val
[warn]       var newBookList = user.books :+ getBookById(bookId)
[warn]           ^
[warn] /home/olzhas/IdeaProjects/Backend/src/main/scala/repository/UserAccount.scala:31:11: local var changedUser in method addToCart is never updated: consider using immutable val
[warn]       var changedUser = user.copy(books=newBookList)
[warn]           ^
[warn] /home/olzhas/IdeaProjects/Backend/src/main/scala/repository/UserAccount.scala:35:12: local var newBookList in method deleteFromCart is never updated: consider using immutable val
[warn]        var newBookList = user.books.filter(book => (book.id != bookId))
[warn]            ^
[warn] /home/olzhas/IdeaProjects/Backend/src/main/scala/repository/UserAccount.scala:36:12: local var changedUser in method deleteFromCart is never updated: consider using immutable val
[warn]        var changedUser = user.copy(books=newBookList)
[warn]            ^
[warn] /home/olzhas/IdeaProjects/Backend/src/main/scala/repository/UsersRepo.scala:5:20: Unused import
[warn] import UserAccount._
[warn]                    ^
[warn] /home/olzhas/IdeaProjects/Backend/src/main/scala/repository/UsersRepo.scala:140:15: private method apply in object ApiError is never used
[warn]   private def apply(statusCode: StatusCode, message: String): ApiError = new ApiError(statusCode, message)
[warn]               ^
[warn] /home/olzhas/IdeaProjects/Backend/src/main/scala/repository/UsersRepo.scala:28:36: parameter value ex in class InMemoryRepository is never used
[warn]                         (implicit  ex:ExecutionContext) extends UsersRepository {
[warn]                                    ^
[warn] /home/olzhas/IdeaProjects/Backend/src/main/scala/api/NodeRouter.scala:33:22: Block result was adapted via implicit conversion (method apply) taking a by-name parameter
[warn]             complete(response)
[warn]                      ^
[warn] /home/olzhas/IdeaProjects/Backend/src/main/scala/api/NodeRouter.scala:39:20: Block result was adapted via implicit conversion (method apply) taking a by-name parameter
[warn]           entity(as[PostText]) { token =>
[warn]                    ^
[warn] /home/olzhas/IdeaProjects/Backend/src/main/scala/api/NodeRouter.scala:45:24: Block result was adapted via implicit conversion (method apply) taking a by-name parameter
[warn]               complete(token)
[warn]                        ^
[warn] /home/olzhas/IdeaProjects/Backend/src/main/scala/api/NodeRouter.scala:52:20: Block result was adapted via implicit conversion (method apply) taking a by-name parameter
[warn]           entity(as[CreateUser]) { createUser =>
[warn]                    ^
[warn] /home/olzhas/IdeaProjects/Backend/src/main/scala/api/NodeRouter.scala:60:24: Block result was adapted via implicit conversion (method apply) taking a by-name parameter
[warn]               complete(response)
[warn]                        ^
[warn] /home/olzhas/IdeaProjects/Backend/src/main/scala/api/NodeRouter.scala:67:20: Block result was adapted via implicit conversion (method apply) taking a by-name parameter
[warn]           entity(as[AddBookToUser]) { updateUser =>
[warn]                    ^
[warn] /home/olzhas/IdeaProjects/Backend/src/main/scala/api/NodeRouter.scala:71:24: Block result was adapted via implicit conversion (method apply) taking a by-name parameter
[warn]               complete(response)
[warn]                        ^
[warn] /home/olzhas/IdeaProjects/Backend/src/main/scala/api/NodeRouter.scala:84:28: Block result was adapted via implicit conversion (method apply) taking a by-name parameter
[warn]                   complete(response)
[warn]                            ^
[warn] /home/olzhas/IdeaProjects/Backend/src/main/scala/api/NodeRouter.scala:91:28: Block result was adapted via implicit conversion (method apply) taking a by-name parameter
[warn]                   complete(response)
[warn]                            ^
[warn] /home/olzhas/IdeaProjects/Backend/src/main/scala/api/NodeRouter.scala:95:26: Block result was adapted via implicit conversion (method apply) taking a by-name parameter
[warn]                 entity(as[AddBookToUser]) { updateUser =>
[warn]                          ^
[warn] /home/olzhas/IdeaProjects/Backend/src/main/scala/api/NodeRouter.scala:99:30: Block result was adapted via implicit conversion (method apply) taking a by-name parameter
[warn]                     complete(response)
[warn]                              ^
[warn] /home/olzhas/IdeaProjects/Backend/src/main/scala/api/NodeRouter.scala:109:24: Block result was adapted via implicit conversion (method apply) taking a by-name parameter
[warn]               complete(response)
[warn]                        ^
[warn] /home/olzhas/IdeaProjects/Backend/src/main/scala/api/NodeRouter.scala:113:22: Block result was adapted via implicit conversion (method apply) taking a by-name parameter
[warn]             entity(as[CreateUser]) { createUser =>
[warn]                      ^
[warn] /home/olzhas/IdeaProjects/Backend/src/main/scala/api/NodeRouter.scala:121:26: Block result was adapted via implicit conversion (method apply) taking a by-name parameter
[warn]                 complete(response)
[warn]                          ^
[warn] /home/olzhas/IdeaProjects/Backend/src/main/scala/api/NodeRouter.scala:140:28: Block result was adapted via implicit conversion (method apply) taking a by-name parameter
[warn]                   complete(response)
[warn]                            ^
[warn] /home/olzhas/IdeaProjects/Backend/src/main/scala/api/NodeRouter.scala:151:28: Block result was adapted via implicit conversion (method apply) taking a by-name parameter
[warn]                   complete(response)
[warn]                            ^
[warn] /home/olzhas/IdeaProjects/Backend/src/main/scala/api/NodeRouter.scala:158:28: Block result was adapted via implicit conversion (method apply) taking a by-name parameter
[warn]                   complete(response)
[warn]                            ^
[warn] /home/olzhas/IdeaProjects/Backend/src/main/scala/api/NodeRouter.scala:162:27: Block result was adapted via implicit conversion (method apply) taking a by-name parameter
[warn]                 (entity(as[UpdateCoffee]) & entity(as[RateCoffee])) {
[warn]                           ^
[warn] /home/olzhas/IdeaProjects/Backend/src/main/scala/api/NodeRouter.scala:162:54: Block result was adapted via implicit conversion (method apply) taking a by-name parameter
[warn]                 (entity(as[UpdateCoffee]) & entity(as[RateCoffee])) {
[warn]                                                      ^
[warn] /home/olzhas/IdeaProjects/Backend/src/main/scala/api/NodeRouter.scala:172:30: Block result was adapted via implicit conversion (method apply) taking a by-name parameter
[warn]                     complete(response)
[warn]                              ^
[warn] /home/olzhas/IdeaProjects/Backend/src/main/scala/api/NodeRouter.scala:175:32: Block result was adapted via implicit conversion (method apply) taking a by-name parameter
[warn]                       complete(response)
[warn]                                ^
[warn] /home/olzhas/IdeaProjects/Backend/src/main/scala/api/NodeRouter.scala:193:26: Block result was adapted via implicit conversion (method apply) taking a by-name parameter
[warn]                 complete(response)
[warn]                          ^
[warn] /home/olzhas/IdeaProjects/Backend/src/main/scala/api/NodeRouter.scala:197:24: Block result was adapted via implicit conversion (method apply) taking a by-name parameter
[warn]               entity(as[CreateCoffee]) { createCoffee =>
[warn]                        ^
[warn] /home/olzhas/IdeaProjects/Backend/src/main/scala/api/NodeRouter.scala:205:28: Block result was adapted via implicit conversion (method apply) taking a by-name parameter
[warn]                   complete(response)
[warn]                            ^
[warn] /home/olzhas/IdeaProjects/Backend/src/main/scala/api/NodeRouter.scala:220:28: Block result was adapted via implicit conversion (method apply) taking a by-name parameter
[warn]                   complete(response)
[warn]                            ^
[warn] /home/olzhas/IdeaProjects/Backend/src/main/scala/api/NodeRouter.scala:227:28: Block result was adapted via implicit conversion (method apply) taking a by-name parameter
[warn]                   complete(response)
[warn]                            ^
[warn] /home/olzhas/IdeaProjects/Backend/src/main/scala/api/NodeRouter.scala:231:26: Block result was adapted via implicit conversion (method apply) taking a by-name parameter
[warn]                 entity(as[UpdateCategory]) { updateCat =>
[warn]                          ^
[warn] /home/olzhas/IdeaProjects/Backend/src/main/scala/api/NodeRouter.scala:235:30: Block result was adapted via implicit conversion (method apply) taking a by-name parameter
[warn]                     complete(response)
[warn]                              ^
[warn] /home/olzhas/IdeaProjects/Backend/src/main/scala/api/NodeRouter.scala:246:26: Block result was adapted via implicit conversion (method apply) taking a by-name parameter
[warn]                 complete(response)
[warn]                          ^
[warn] /home/olzhas/IdeaProjects/Backend/src/main/scala/api/NodeRouter.scala:250:24: Block result was adapted via implicit conversion (method apply) taking a by-name parameter
[warn]               entity(as[CreateCategory]) { createCat =>
[warn]                        ^
[warn] /home/olzhas/IdeaProjects/Backend/src/main/scala/api/NodeRouter.scala:258:28: Block result was adapted via implicit conversion (method apply) taking a by-name parameter
[warn]                   complete(response)
[warn]                            ^
[warn] /home/olzhas/IdeaProjects/Backend/src/main/scala/api/NodeRouter.scala:275:28: Block result was adapted via implicit conversion (method apply) taking a by-name parameter
[warn]                   complete(response)
[warn]                            ^
[warn] /home/olzhas/IdeaProjects/Backend/src/main/scala/api/NodeRouter.scala:286:28: Block result was adapted via implicit conversion (method apply) taking a by-name parameter
[warn]                   complete(response)
[warn]                            ^
[warn] /home/olzhas/IdeaProjects/Backend/src/main/scala/api/NodeRouter.scala:293:28: Block result was adapted via implicit conversion (method apply) taking a by-name parameter
[warn]                   complete(response)
[warn]                            ^
[warn] /home/olzhas/IdeaProjects/Backend/src/main/scala/api/NodeRouter.scala:297:26: Block result was adapted via implicit conversion (method apply) taking a by-name parameter
[warn]                 entity(as[UpdateBook]) { updateBook=>
[warn]                          ^
[warn] /home/olzhas/IdeaProjects/Backend/src/main/scala/api/NodeRouter.scala:301:30: Block result was adapted via implicit conversion (method apply) taking a by-name parameter
[warn]                     complete(response)
[warn]                              ^
[warn] /home/olzhas/IdeaProjects/Backend/src/main/scala/api/NodeRouter.scala:312:26: Block result was adapted via implicit conversion (method apply) taking a by-name parameter
[warn]                 complete(response)
[warn]                          ^
[warn] /home/olzhas/IdeaProjects/Backend/src/main/scala/api/NodeRouter.scala:316:24: Block result was adapted via implicit conversion (method apply) taking a by-name parameter
[warn]               entity(as[CreateBook]) { createBook =>
[warn]                        ^
[warn] /home/olzhas/IdeaProjects/Backend/src/main/scala/api/NodeRouter.scala:324:28: Block result was adapted via implicit conversion (method apply) taking a by-name parameter
[warn]                   complete(response)
[warn]                            ^
[warn] /home/olzhas/IdeaProjects/Backend/src/main/scala/node/Node.scala:114:9: match may not be exhaustive.
[warn] It would fail on the following input: (x: node.Node.Command forSome x not in (node.Node.AddBookToAccount, node.Node.Check, node.Node.Create, node.Node.CreateBook, node.Node.CreateCategory, node.Node.CreateCoffee, node.Node.DeleteAccount, node.Node.DeleteBook, node.Node.DeleteBookFromAccount, node.Node.DeleteCategory, node.Node.DeleteCoffee, node.Node.FindBook, node.Node.GetAccount, node.Node.GetAccounts, node.Node.GetBook, node.Node.GetBooks, node.Node.GetCategories, node.Node.GetCategory, node.Node.GetCoffee, node.Node.GetCoffees, node.Node.GetToken, node.Node.RateCoffee, node.Node.UpdateBook, node.Node.UpdateCategory, node.Node.UpdateCoffee))
[warn]         message match {
[warn]         ^
[warn] /home/olzhas/IdeaProjects/Backend/src/main/scala/repository/UserAccount.scala:280:5: match may not be exhaustive.
[warn] It would fail on the following input: (x: node.Node.Command forSome x not in (repository.UserAccount.AddBook, repository.UserAccount.AddCategory, repository.UserAccount.AddCoffee, repository.UserAccount.AddToCart, repository.UserAccount.AddUser, repository.UserAccount.AdjustBook, repository.UserAccount.AdjustUser, repository.UserAccount.Checkout, repository.UserAccount.CheckoutBook, repository.UserAccount.DeleteFromCart, repository.UserAccount.GetBook, repository.UserAccount.GetBooks, repository.UserAccount.GetCategories, repository.UserAccount.GetCategory, repository.UserAccount.GetCoffee, repository.UserAccount.GetCoffees, repository.UserAccount.GetToken, repository.UserAccount.GetUser, repository.UserAccount.GetUsers, repository.UserAccount.RateCoffee, repository.UserAccount.RemoveBook, repository.UserAccount.RemoveCategory, repository.UserAccount.RemoveCoffee, repository.UserAccount.RemoveUser, repository.UserAccount.SearchBookByName, repository.UserAccount.UpdateBook, repository.UserAccount.UpdateCategory, repository.UserAccount.UpdateCoffee))
[warn]     command match {
[warn]     ^
[warn] /home/olzhas/IdeaProjects/Backend/src/main/scala/repository/UserAccount.scala:573:5: match may not be exhaustive.
[warn] It would fail on the following input: (x: node.Node.Command forSome x not in (repository.UserAccount.AddBook, repository.UserAccount.AddToCart, repository.UserAccount.AddUser, repository.UserAccount.AdjustBook, repository.UserAccount.AdjustUser, repository.UserAccount.Checkout, repository.UserAccount.CheckoutBook, repository.UserAccount.GetBook, repository.UserAccount.GetBooks, repository.UserAccount.GetUser, repository.UserAccount.RemoveBook, repository.UserAccount.RemoveUser))
[warn]     command match {
[warn]     ^
[warn] /home/olzhas/IdeaProjects/Backend/src/main/scala/repository/UserAccount.scala:633:54: unreachable code
[warn]       case BookRemoved(_, itemId) => state.removeBook(itemId)
[warn]                                                      ^
[warn] /home/olzhas/IdeaProjects/Backend/src/main/scala/repository/UserAccount.scala:616:5: match may not be exhaustive.
[warn] It would fail on the following input: CoffeeRemoved(_, _)
[warn]     event match {
[warn]     ^
[warn] /home/olzhas/IdeaProjects/Backend/src/main/scala/repository/UsersRepo.scala:48:11: match may not be exhaustive.
[warn] It would fail on the following input: None
[warn]           book_tmp match {
[warn]           ^
[warn] /home/olzhas/IdeaProjects/Backend/src/main/scala/repository/UsersRepo.scala:127:96: match may not be exhaustive.
[warn] It would fail on the following input: Failure(_)
[warn]   def handle[T](f: Future[T])(e: Throwable => ApiError): Directive1[T] = onComplete(f) flatMap {
[warn]                                                                                                ^
[warn] 61 warnings found
[info] done compiling
